SF:/Users/kuangtalin/Documents/DualCache-FF/src/arena.rs
FN:49,_RNvMs0_NtCsgIGa67KToV_12dualcache_ff5arenaNtB5_5Arena13free_list_len
FN:94,_RNvMs0_NtCsgIGa67KToV_12dualcache_ff5arenaNtB5_5Arena14advance_cursor
FN:76,_RNvMs0_NtCsgIGa67KToV_12dualcache_ff5arenaNtB5_5Arena14decrement_rank
FN:39,_RNvMs0_NtCsgIGa67KToV_12dualcache_ff5arenaNtB5_5Arena14push_free_slot
FN:89,_RNvMs0_NtCsgIGa67KToV_12dualcache_ff5arenaNtB5_5Arena6cursor
FN:59,_RNvMs0_NtCsgIGa67KToV_12dualcache_ff5arenaNtB5_5Arena8get_hash
FN:71,_RNvMs0_NtCsgIGa67KToV_12dualcache_ff5arenaNtB5_5Arena8get_rank
FN:64,_RNvMs0_NtCsgIGa67KToV_12dualcache_ff5arenaNtB5_5Arena8set_rank
FN:84,_RNvMs0_NtCsgIGa67KToV_12dualcache_ff5arenaNtB5_5Arena9count_sum
FN:22,_RNvMs0_NtCsgIGa67KToV_12dualcache_ff5arenaNtB5_5Arena3new
FN:98,_RNvMs0_NtCsgIGa67KToV_12dualcache_ff5arenaNtB5_5Arena5clear
FN:34,_RNvMs0_NtCsgIGa67KToV_12dualcache_ff5arenaNtB5_5Arena13pop_free_slot
FN:44,_RNvMs0_NtCsgIGa67KToV_12dualcache_ff5arenaNtB5_5Arena15free_list_empty
FN:54,_RNvMs0_NtCsgIGa67KToV_12dualcache_ff5arenaNtB5_5Arena8set_hash
FN:49,_RNvMs0_NtCs20hiC2j2Dsb_12dualcache_ff5arenaNtB5_5Arena13free_list_len
FN:34,_RNvMs0_NtCs20hiC2j2Dsb_12dualcache_ff5arenaNtB5_5Arena13pop_free_slot
FN:44,_RNvMs0_NtCs20hiC2j2Dsb_12dualcache_ff5arenaNtB5_5Arena15free_list_empty
FN:54,_RNvMs0_NtCs20hiC2j2Dsb_12dualcache_ff5arenaNtB5_5Arena8set_hash
FN:64,_RNvMs0_NtCs20hiC2j2Dsb_12dualcache_ff5arenaNtB5_5Arena8set_rank
FN:94,_RNvMs0_NtCs20hiC2j2Dsb_12dualcache_ff5arenaNtB5_5Arena14advance_cursor
FN:76,_RNvMs0_NtCs20hiC2j2Dsb_12dualcache_ff5arenaNtB5_5Arena14decrement_rank
FN:39,_RNvMs0_NtCs20hiC2j2Dsb_12dualcache_ff5arenaNtB5_5Arena14push_free_slot
FN:89,_RNvMs0_NtCs20hiC2j2Dsb_12dualcache_ff5arenaNtB5_5Arena6cursor
FN:59,_RNvMs0_NtCs20hiC2j2Dsb_12dualcache_ff5arenaNtB5_5Arena8get_hash
FN:71,_RNvMs0_NtCs20hiC2j2Dsb_12dualcache_ff5arenaNtB5_5Arena8get_rank
FN:84,_RNvMs0_NtCs20hiC2j2Dsb_12dualcache_ff5arenaNtB5_5Arena9count_sum
FN:22,_RNvMs0_NtCs20hiC2j2Dsb_12dualcache_ff5arenaNtB5_5Arena3new
FN:98,_RNvMs0_NtCs20hiC2j2Dsb_12dualcache_ff5arenaNtB5_5Arena5clear
FNDA:5,_RNvMs0_NtCsgIGa67KToV_12dualcache_ff5arenaNtB5_5Arena13free_list_len
FNDA:0,_RNvMs0_NtCsgIGa67KToV_12dualcache_ff5arenaNtB5_5Arena14advance_cursor
FNDA:0,_RNvMs0_NtCsgIGa67KToV_12dualcache_ff5arenaNtB5_5Arena14decrement_rank
FNDA:0,_RNvMs0_NtCsgIGa67KToV_12dualcache_ff5arenaNtB5_5Arena14push_free_slot
FNDA:0,_RNvMs0_NtCsgIGa67KToV_12dualcache_ff5arenaNtB5_5Arena6cursor
FNDA:0,_RNvMs0_NtCsgIGa67KToV_12dualcache_ff5arenaNtB5_5Arena8get_hash
FNDA:0,_RNvMs0_NtCsgIGa67KToV_12dualcache_ff5arenaNtB5_5Arena8get_rank
FNDA:2,_RNvMs0_NtCsgIGa67KToV_12dualcache_ff5arenaNtB5_5Arena8set_rank
FNDA:0,_RNvMs0_NtCsgIGa67KToV_12dualcache_ff5arenaNtB5_5Arena9count_sum
FNDA:1,_RNvMs0_NtCsgIGa67KToV_12dualcache_ff5arenaNtB5_5Arena3new
FNDA:1,_RNvMs0_NtCsgIGa67KToV_12dualcache_ff5arenaNtB5_5Arena5clear
FNDA:2,_RNvMs0_NtCsgIGa67KToV_12dualcache_ff5arenaNtB5_5Arena13pop_free_slot
FNDA:2,_RNvMs0_NtCsgIGa67KToV_12dualcache_ff5arenaNtB5_5Arena15free_list_empty
FNDA:2,_RNvMs0_NtCsgIGa67KToV_12dualcache_ff5arenaNtB5_5Arena8set_hash
FNDA:479496,_RNvMs0_NtCs20hiC2j2Dsb_12dualcache_ff5arenaNtB5_5Arena13free_list_len
FNDA:219620,_RNvMs0_NtCs20hiC2j2Dsb_12dualcache_ff5arenaNtB5_5Arena13pop_free_slot
FNDA:219620,_RNvMs0_NtCs20hiC2j2Dsb_12dualcache_ff5arenaNtB5_5Arena15free_list_empty
FNDA:2482988,_RNvMs0_NtCs20hiC2j2Dsb_12dualcache_ff5arenaNtB5_5Arena8set_hash
FNDA:2708212,_RNvMs0_NtCs20hiC2j2Dsb_12dualcache_ff5arenaNtB5_5Arena8set_rank
FNDA:476788,_RNvMs0_NtCs20hiC2j2Dsb_12dualcache_ff5arenaNtB5_5Arena14advance_cursor
FNDA:268517,_RNvMs0_NtCs20hiC2j2Dsb_12dualcache_ff5arenaNtB5_5Arena14decrement_rank
FNDA:208271,_RNvMs0_NtCs20hiC2j2Dsb_12dualcache_ff5arenaNtB5_5Arena14push_free_slot
FNDA:476788,_RNvMs0_NtCs20hiC2j2Dsb_12dualcache_ff5arenaNtB5_5Arena6cursor
FNDA:224217,_RNvMs0_NtCs20hiC2j2Dsb_12dualcache_ff5arenaNtB5_5Arena8get_hash
FNDA:476788,_RNvMs0_NtCs20hiC2j2Dsb_12dualcache_ff5arenaNtB5_5Arena8get_rank
FNDA:4242,_RNvMs0_NtCs20hiC2j2Dsb_12dualcache_ff5arenaNtB5_5Arena9count_sum
FNDA:36,_RNvMs0_NtCs20hiC2j2Dsb_12dualcache_ff5arenaNtB5_5Arena3new
FNDA:4,_RNvMs0_NtCs20hiC2j2Dsb_12dualcache_ff5arenaNtB5_5Arena5clear
FNF:14
FNH:14
DA:22,37
DA:23,37
DA:24,37
DA:25,37
DA:26,37
DA:27,37
DA:28,37
DA:29,37
DA:30,37
DA:31,37
DA:34,219622
DA:35,219622
DA:36,219622
DA:39,208271
DA:40,208271
DA:41,208271
DA:44,219622
DA:45,219622
DA:46,219622
DA:49,479501
DA:50,479501
DA:51,479501
DA:54,2482990
DA:55,2482990
DA:56,2482990
DA:59,224217
DA:60,224217
DA:61,224217
DA:64,2708214
DA:65,2708214
DA:66,2708214
DA:67,2708214
DA:68,2708214
DA:71,476788
DA:72,476788
DA:73,476788
DA:76,268517
DA:77,268517
DA:78,268517
DA:79,268517
DA:80,268517
DA:81,268517
DA:84,4242
DA:85,4242
DA:86,4242
DA:89,476788
DA:90,476788
DA:91,476788
DA:94,476788
DA:95,476788
DA:96,476788
DA:98,5
DA:99,5
DA:100,5
DA:101,5
DA:102,5
DA:103,5
BRF:0
BRH:0
LF:57
LH:57
end_of_record
SF:/Users/kuangtalin/Documents/DualCache-FF/src/cache.rs
FN:572,_RINvMs4_NtCsgIGa67KToV_12dualcache_ff5cacheINtB6_11DualCacheFFpppE12with_hit_bufppEB8_
FN:580,_RINvMs4_NtCsgIGa67KToV_12dualcache_ff5cacheINtB6_11DualCacheFFpppE14with_l1_filterppEB8_
FN:564,_RINvMs4_NtCsgIGa67KToV_12dualcache_ff5cacheINtB6_11DualCacheFFpppE14with_worker_idppEB8_
FN:588,_RINvMs4_NtCsgIGa67KToV_12dualcache_ff5cacheINtB6_11DualCacheFFpppE20with_last_flush_tickppEB8_
FN:507,_RNCNCNvMs4_NtCsgIGa67KToV_12dualcache_ff5cacheINtB9_11DualCacheFFpppE6inserts6_00Bb_
FN:538,_RNCNCNvMs4_NtCsgIGa67KToV_12dualcache_ff5cacheINtB9_11DualCacheFFpppE6remove00Bb_
FN:112,_RNCNvMs1_NtCsgIGa67KToV_12dualcache_ff5cacheINtB7_11DualCacheFFppE16new_with_spawner0B9_
FN:221,_RNCNvMs3_NtCsgIGa67KToV_12dualcache_ff5cacheINtB7_11DualCacheFFppE24new_with_tls_and_spawner0B9_
FN:606,_RNCNvMs4_NtCsgIGa67KToV_12dualcache_ff5cacheINtB7_11DualCacheFFpppE10record_hit0B9_
FN:299,_RNCNvMs4_NtCsgIGa67KToV_12dualcache_ff5cacheINtB7_11DualCacheFFpppE3get0B9_
FN:350,_RNCNvMs4_NtCsgIGa67KToV_12dualcache_ff5cacheINtB7_11DualCacheFFpppE3gets0_0B9_
FN:326,_RNCNvMs4_NtCsgIGa67KToV_12dualcache_ff5cacheINtB7_11DualCacheFFpppE3gets_0B9_
FN:240,_RNCNvMs4_NtCsgIGa67KToV_12dualcache_ff5cacheINtB7_11DualCacheFFpppE4sync0B9_
FN:404,_RNCNvMs4_NtCsgIGa67KToV_12dualcache_ff5cacheINtB7_11DualCacheFFpppE6insert0B9_
FN:421,_RNCNvMs4_NtCsgIGa67KToV_12dualcache_ff5cacheINtB7_11DualCacheFFpppE6inserts0_0B9_
FN:429,_RNCNvMs4_NtCsgIGa67KToV_12dualcache_ff5cacheINtB7_11DualCacheFFpppE6inserts1_0B9_
FN:430,_RNCNvMs4_NtCsgIGa67KToV_12dualcache_ff5cacheINtB7_11DualCacheFFpppE6inserts2_0B9_
FN:449,_RNCNvMs4_NtCsgIGa67KToV_12dualcache_ff5cacheINtB7_11DualCacheFFpppE6inserts3_0B9_
FN:478,_RNCNvMs4_NtCsgIGa67KToV_12dualcache_ff5cacheINtB7_11DualCacheFFpppE6inserts4_0B9_
FN:484,_RNCNvMs4_NtCsgIGa67KToV_12dualcache_ff5cacheINtB7_11DualCacheFFpppE6inserts5_0B9_
FN:490,_RNCNvMs4_NtCsgIGa67KToV_12dualcache_ff5cacheINtB7_11DualCacheFFpppE6inserts6_0B9_
FN:415,_RNCNvMs4_NtCsgIGa67KToV_12dualcache_ff5cacheINtB7_11DualCacheFFpppE6inserts_0B9_
FN:531,_RNCNvMs4_NtCsgIGa67KToV_12dualcache_ff5cacheINtB7_11DualCacheFFpppE6remove0B9_
FN:96,_RNvMs0_NtCsgIGa67KToV_12dualcache_ff5cacheINtB5_11DualCacheFFppE12new_with_tlsB7_
FN:128,_RNvMs1_NtCsgIGa67KToV_12dualcache_ff5cacheINtB5_11DualCacheFFppE12new_headlessB7_
FN:110,_RNvMs1_NtCsgIGa67KToV_12dualcache_ff5cacheINtB5_11DualCacheFFppE16new_with_spawnerB7_
FN:136,_RNvMs2_NtCsgIGa67KToV_12dualcache_ff5cacheINtB5_11DualCacheFFpppE21wake_daemon_if_parkedB7_
FN:155,_RNvMs3_NtCsgIGa67KToV_12dualcache_ff5cacheINtB5_11DualCacheFFppE21new_headless_with_tlsB7_
FN:218,_RNvMs3_NtCsgIGa67KToV_12dualcache_ff5cacheINtB5_11DualCacheFFppE24new_with_tls_and_spawnerB7_
FN:605,_RNvMs4_NtCsgIGa67KToV_12dualcache_ff5cacheINtB5_11DualCacheFFpppE10record_hitB7_
FN:522,_RNvMs4_NtCsgIGa67KToV_12dualcache_ff5cacheINtB5_11DualCacheFFpppE24begin_cold_start_sessionB7_
FN:292,_RNvMs4_NtCsgIGa67KToV_12dualcache_ff5cacheINtB5_11DualCacheFFpppE3getB7_
FN:596,_RNvMs4_NtCsgIGa67KToV_12dualcache_ff5cacheINtB5_11DualCacheFFpppE4hashB7_
FN:238,_RNvMs4_NtCsgIGa67KToV_12dualcache_ff5cacheINtB5_11DualCacheFFpppE4syncB7_
FN:547,_RNvMs4_NtCsgIGa67KToV_12dualcache_ff5cacheINtB5_11DualCacheFFpppE5clearB7_
FN:387,_RNvMs4_NtCsgIGa67KToV_12dualcache_ff5cacheINtB5_11DualCacheFFpppE6insertB7_
FN:527,_RNvMs4_NtCsgIGa67KToV_12dualcache_ff5cacheINtB5_11DualCacheFFpppE6removeB7_
FN:277,_RNvMs4_NtCsgIGa67KToV_12dualcache_ff5cacheINtB5_11DualCacheFFpppE6resumeB7_
FN:271,_RNvMs4_NtCsgIGa67KToV_12dualcache_ff5cacheINtB5_11DualCacheFFpppE7suspendB7_
FN:656,_RNvMs6_NtCsgIGa67KToV_12dualcache_ff5cacheINtB5_16ColdStartSessionpppE9insert_t1B7_
FN:83,_RNvMs_NtCsgIGa67KToV_12dualcache_ff5cacheINtB4_11DualCacheFFppE3newB6_
FN:51,_RNvXININtCsgIGa67KToV_12dualcache_ff5cache0pppEINtB5_11DualCacheFFpppENtNtCs6sq8b9ugfBC_4core5clone5Clone5cloneB7_
FN:630,_RNvXININtCsgIGa67KToV_12dualcache_ff5caches5_0pppEINtB5_11DualCacheFFpppENtNtNtCs6sq8b9ugfBC_4core3ops4drop4Drop4dropB7_
FN:136,_RNvMs2_NtCs20hiC2j2Dsb_12dualcache_ff5cacheINtB5_11DualCacheFFNtNtCs8dnTdrJsiec_5alloc6string6StringBY_E21wake_daemon_if_parkedCs87BzzW6bcZ0_17integration_tests
FN:136,_RNvMs2_NtCs20hiC2j2Dsb_12dualcache_ff5cacheINtB5_11DualCacheFFhtE21wake_daemon_if_parkedCs87BzzW6bcZ0_17integration_tests
FN:136,_RNvMs2_NtCs20hiC2j2Dsb_12dualcache_ff5cacheINtB5_11DualCacheFFlINtNtCs8dnTdrJsiec_5alloc3vec3VechEE21wake_daemon_if_parkedCs87BzzW6bcZ0_17integration_tests
FN:136,_RNvMs2_NtCs20hiC2j2Dsb_12dualcache_ff5cacheINtB5_11DualCacheFFlNtNtCs8dnTdrJsiec_5alloc6string6StringE21wake_daemon_if_parkedCs87BzzW6bcZ0_17integration_tests
FN:136,_RNvMs2_NtCs20hiC2j2Dsb_12dualcache_ff5cacheINtB5_11DualCacheFFllE21wake_daemon_if_parkedCs87BzzW6bcZ0_17integration_tests
FN:136,_RNvMs2_NtCs20hiC2j2Dsb_12dualcache_ff5cacheINtB5_11DualCacheFFyyE21wake_daemon_if_parkedCs87BzzW6bcZ0_17integration_tests
FN:630,_RNvXs5_NtCs20hiC2j2Dsb_12dualcache_ff5cacheINtB5_11DualCacheFFNtNtCs8dnTdrJsiec_5alloc6string6StringBY_ENtNtNtCs6sq8b9ugfBC_4core3ops4drop4Drop4dropCs87BzzW6bcZ0_17integration_tests
FN:630,_RNvXs5_NtCs20hiC2j2Dsb_12dualcache_ff5cacheINtB5_11DualCacheFFhtENtNtNtCs6sq8b9ugfBC_4core3ops4drop4Drop4dropCs87BzzW6bcZ0_17integration_tests
FN:630,_RNvXs5_NtCs20hiC2j2Dsb_12dualcache_ff5cacheINtB5_11DualCacheFFlINtNtCs8dnTdrJsiec_5alloc3vec3VechEENtNtNtCs6sq8b9ugfBC_4core3ops4drop4Drop4dropCs87BzzW6bcZ0_17integration_tests
FN:630,_RNvXs5_NtCs20hiC2j2Dsb_12dualcache_ff5cacheINtB5_11DualCacheFFlNtNtCs8dnTdrJsiec_5alloc6string6StringENtNtNtCs6sq8b9ugfBC_4core3ops4drop4Drop4dropCs87BzzW6bcZ0_17integration_tests
FN:630,_RNvXs5_NtCs20hiC2j2Dsb_12dualcache_ff5cacheINtB5_11DualCacheFFllENtNtNtCs6sq8b9ugfBC_4core3ops4drop4Drop4dropCs87BzzW6bcZ0_17integration_tests
FN:630,_RNvXs5_NtCs20hiC2j2Dsb_12dualcache_ff5cacheINtB5_11DualCacheFFyyENtNtNtCs6sq8b9ugfBC_4core3ops4drop4Drop4dropCs87BzzW6bcZ0_17integration_tests
FN:572,_RINvMs4_NtCs20hiC2j2Dsb_12dualcache_ff5cacheINtB6_11DualCacheFFNtNtCs8dnTdrJsiec_5alloc6string6StringBZ_E12with_hit_bufNCNvB2_10record_hit0uECs87BzzW6bcZ0_17integration_tests
FN:572,_RINvMs4_NtCs20hiC2j2Dsb_12dualcache_ff5cacheINtB6_11DualCacheFFNtNtCs8dnTdrJsiec_5alloc6string6StringBZ_E12with_hit_bufNCNvB2_4sync0uECs87BzzW6bcZ0_17integration_tests
FN:580,_RINvMs4_NtCs20hiC2j2Dsb_12dualcache_ff5cacheINtB6_11DualCacheFFNtNtCs8dnTdrJsiec_5alloc6string6StringBZ_E14with_l1_filterNCNvB2_6inserts3_0bECs87BzzW6bcZ0_17integration_tests
FN:564,_RINvMs4_NtCs20hiC2j2Dsb_12dualcache_ff5cacheINtB6_11DualCacheFFNtNtCs8dnTdrJsiec_5alloc6string6StringBZ_E14with_worker_idNCNvB2_3get0uECs87BzzW6bcZ0_17integration_tests
FN:564,_RINvMs4_NtCs20hiC2j2Dsb_12dualcache_ff5cacheINtB6_11DualCacheFFNtNtCs8dnTdrJsiec_5alloc6string6StringBZ_E14with_worker_idNCNvB2_6insert0uECs87BzzW6bcZ0_17integration_tests
FN:564,_RINvMs4_NtCs20hiC2j2Dsb_12dualcache_ff5cacheINtB6_11DualCacheFFNtNtCs8dnTdrJsiec_5alloc6string6StringBZ_E14with_worker_idNCNvB2_6inserts6_0uECs87BzzW6bcZ0_17integration_tests
FN:588,_RINvMs4_NtCs20hiC2j2Dsb_12dualcache_ff5cacheINtB6_11DualCacheFFNtNtCs8dnTdrJsiec_5alloc6string6StringBZ_E20with_last_flush_tickNCNCNvB2_6inserts6_00uECs87BzzW6bcZ0_17integration_tests
FN:588,_RINvMs4_NtCs20hiC2j2Dsb_12dualcache_ff5cacheINtB6_11DualCacheFFNtNtCs8dnTdrJsiec_5alloc6string6StringBZ_E20with_last_flush_tickNCNvB2_6inserts5_0uECs87BzzW6bcZ0_17integration_tests
FN:572,_RINvMs4_NtCs20hiC2j2Dsb_12dualcache_ff5cacheINtB6_11DualCacheFFhtE12with_hit_bufNCNvB2_10record_hit0uECs87BzzW6bcZ0_17integration_tests
FN:572,_RINvMs4_NtCs20hiC2j2Dsb_12dualcache_ff5cacheINtB6_11DualCacheFFhtE12with_hit_bufNCNvB2_4sync0uECs87BzzW6bcZ0_17integration_tests
FN:564,_RINvMs4_NtCs20hiC2j2Dsb_12dualcache_ff5cacheINtB6_11DualCacheFFhtE14with_worker_idNCNvB2_3get0uECs87BzzW6bcZ0_17integration_tests
FN:564,_RINvMs4_NtCs20hiC2j2Dsb_12dualcache_ff5cacheINtB6_11DualCacheFFhtE14with_worker_idNCNvB2_6remove0uECs87BzzW6bcZ0_17integration_tests
FN:588,_RINvMs4_NtCs20hiC2j2Dsb_12dualcache_ff5cacheINtB6_11DualCacheFFhtE20with_last_flush_tickNCNCNvB2_6remove00uECs87BzzW6bcZ0_17integration_tests
FN:572,_RINvMs4_NtCs20hiC2j2Dsb_12dualcache_ff5cacheINtB6_11DualCacheFFlINtNtCs8dnTdrJsiec_5alloc3vec3VechEE12with_hit_bufNCNvB2_10record_hit0uECs87BzzW6bcZ0_17integration_tests
FN:572,_RINvMs4_NtCs20hiC2j2Dsb_12dualcache_ff5cacheINtB6_11DualCacheFFlINtNtCs8dnTdrJsiec_5alloc3vec3VechEE12with_hit_bufNCNvB2_4sync0uECs87BzzW6bcZ0_17integration_tests
FN:580,_RINvMs4_NtCs20hiC2j2Dsb_12dualcache_ff5cacheINtB6_11DualCacheFFlINtNtCs8dnTdrJsiec_5alloc3vec3VechEE14with_l1_filterNCNvB2_6inserts3_0bECs87BzzW6bcZ0_17integration_tests
FN:564,_RINvMs4_NtCs20hiC2j2Dsb_12dualcache_ff5cacheINtB6_11DualCacheFFlINtNtCs8dnTdrJsiec_5alloc3vec3VechEE14with_worker_idNCNvB2_3get0uECs87BzzW6bcZ0_17integration_tests
FN:564,_RINvMs4_NtCs20hiC2j2Dsb_12dualcache_ff5cacheINtB6_11DualCacheFFlINtNtCs8dnTdrJsiec_5alloc3vec3VechEE14with_worker_idNCNvB2_6insert0uECs87BzzW6bcZ0_17integration_tests
FN:564,_RINvMs4_NtCs20hiC2j2Dsb_12dualcache_ff5cacheINtB6_11DualCacheFFlINtNtCs8dnTdrJsiec_5alloc3vec3VechEE14with_worker_idNCNvB2_6inserts6_0uECs87BzzW6bcZ0_17integration_tests
FN:588,_RINvMs4_NtCs20hiC2j2Dsb_12dualcache_ff5cacheINtB6_11DualCacheFFlINtNtCs8dnTdrJsiec_5alloc3vec3VechEE20with_last_flush_tickNCNCNvB2_6inserts6_00uECs87BzzW6bcZ0_17integration_tests
FN:588,_RINvMs4_NtCs20hiC2j2Dsb_12dualcache_ff5cacheINtB6_11DualCacheFFlINtNtCs8dnTdrJsiec_5alloc3vec3VechEE20with_last_flush_tickNCNvB2_6inserts5_0uECs87BzzW6bcZ0_17integration_tests
FN:572,_RINvMs4_NtCs20hiC2j2Dsb_12dualcache_ff5cacheINtB6_11DualCacheFFlNtNtCs8dnTdrJsiec_5alloc6string6StringE12with_hit_bufNCNvB2_10record_hit0uECs87BzzW6bcZ0_17integration_tests
FN:572,_RINvMs4_NtCs20hiC2j2Dsb_12dualcache_ff5cacheINtB6_11DualCacheFFlNtNtCs8dnTdrJsiec_5alloc6string6StringE12with_hit_bufNCNvB2_4sync0uECs87BzzW6bcZ0_17integration_tests
FN:580,_RINvMs4_NtCs20hiC2j2Dsb_12dualcache_ff5cacheINtB6_11DualCacheFFlNtNtCs8dnTdrJsiec_5alloc6string6StringE14with_l1_filterNCNvB2_6inserts3_0bECs87BzzW6bcZ0_17integration_tests
FN:564,_RINvMs4_NtCs20hiC2j2Dsb_12dualcache_ff5cacheINtB6_11DualCacheFFlNtNtCs8dnTdrJsiec_5alloc6string6StringE14with_worker_idNCNvB2_3get0uECs87BzzW6bcZ0_17integration_tests
FN:564,_RINvMs4_NtCs20hiC2j2Dsb_12dualcache_ff5cacheINtB6_11DualCacheFFlNtNtCs8dnTdrJsiec_5alloc6string6StringE14with_worker_idNCNvB2_6insert0uECs87BzzW6bcZ0_17integration_tests
FN:564,_RINvMs4_NtCs20hiC2j2Dsb_12dualcache_ff5cacheINtB6_11DualCacheFFlNtNtCs8dnTdrJsiec_5alloc6string6StringE14with_worker_idNCNvB2_6inserts6_0uECs87BzzW6bcZ0_17integration_tests
FN:564,_RINvMs4_NtCs20hiC2j2Dsb_12dualcache_ff5cacheINtB6_11DualCacheFFlNtNtCs8dnTdrJsiec_5alloc6string6StringE14with_worker_idNCNvB2_6remove0uECs87BzzW6bcZ0_17integration_tests
FN:588,_RINvMs4_NtCs20hiC2j2Dsb_12dualcache_ff5cacheINtB6_11DualCacheFFlNtNtCs8dnTdrJsiec_5alloc6string6StringE20with_last_flush_tickNCNCNvB2_6inserts6_00uECs87BzzW6bcZ0_17integration_tests
FN:588,_RINvMs4_NtCs20hiC2j2Dsb_12dualcache_ff5cacheINtB6_11DualCacheFFlNtNtCs8dnTdrJsiec_5alloc6string6StringE20with_last_flush_tickNCNCNvB2_6remove00uECs87BzzW6bcZ0_17integration_tests
FN:588,_RINvMs4_NtCs20hiC2j2Dsb_12dualcache_ff5cacheINtB6_11DualCacheFFlNtNtCs8dnTdrJsiec_5alloc6string6StringE20with_last_flush_tickNCNvB2_6inserts5_0uECs87BzzW6bcZ0_17integration_tests
FN:572,_RINvMs4_NtCs20hiC2j2Dsb_12dualcache_ff5cacheINtB6_11DualCacheFFllE12with_hit_bufNCNvB2_10record_hit0uECs87BzzW6bcZ0_17integration_tests
FN:572,_RINvMs4_NtCs20hiC2j2Dsb_12dualcache_ff5cacheINtB6_11DualCacheFFllE12with_hit_bufNCNvB2_4sync0uECs87BzzW6bcZ0_17integration_tests
FN:580,_RINvMs4_NtCs20hiC2j2Dsb_12dualcache_ff5cacheINtB6_11DualCacheFFllE14with_l1_filterNCNvB2_6inserts3_0bECs87BzzW6bcZ0_17integration_tests
FN:564,_RINvMs4_NtCs20hiC2j2Dsb_12dualcache_ff5cacheINtB6_11DualCacheFFllE14with_worker_idNCNvB2_3get0uECs87BzzW6bcZ0_17integration_tests
FN:564,_RINvMs4_NtCs20hiC2j2Dsb_12dualcache_ff5cacheINtB6_11DualCacheFFllE14with_worker_idNCNvB2_6insert0uECs87BzzW6bcZ0_17integration_tests
FN:564,_RINvMs4_NtCs20hiC2j2Dsb_12dualcache_ff5cacheINtB6_11DualCacheFFllE14with_worker_idNCNvB2_6inserts6_0uECs87BzzW6bcZ0_17integration_tests
FN:564,_RINvMs4_NtCs20hiC2j2Dsb_12dualcache_ff5cacheINtB6_11DualCacheFFllE14with_worker_idNCNvB2_6remove0uECs87BzzW6bcZ0_17integration_tests
FN:588,_RINvMs4_NtCs20hiC2j2Dsb_12dualcache_ff5cacheINtB6_11DualCacheFFllE20with_last_flush_tickNCNCNvB2_6inserts6_00uECs87BzzW6bcZ0_17integration_tests
FN:588,_RINvMs4_NtCs20hiC2j2Dsb_12dualcache_ff5cacheINtB6_11DualCacheFFllE20with_last_flush_tickNCNCNvB2_6remove00uECs87BzzW6bcZ0_17integration_tests
FN:588,_RINvMs4_NtCs20hiC2j2Dsb_12dualcache_ff5cacheINtB6_11DualCacheFFllE20with_last_flush_tickNCNvB2_6inserts5_0uECs87BzzW6bcZ0_17integration_tests
FN:572,_RINvMs4_NtCs20hiC2j2Dsb_12dualcache_ff5cacheINtB6_11DualCacheFFyyE12with_hit_bufNCNvB2_10record_hit0uECs87BzzW6bcZ0_17integration_tests
FN:572,_RINvMs4_NtCs20hiC2j2Dsb_12dualcache_ff5cacheINtB6_11DualCacheFFyyE12with_hit_bufNCNvB2_4sync0uECs87BzzW6bcZ0_17integration_tests
FN:580,_RINvMs4_NtCs20hiC2j2Dsb_12dualcache_ff5cacheINtB6_11DualCacheFFyyE14with_l1_filterNCNvB2_6inserts3_0bECs87BzzW6bcZ0_17integration_tests
FN:564,_RINvMs4_NtCs20hiC2j2Dsb_12dualcache_ff5cacheINtB6_11DualCacheFFyyE14with_worker_idNCNvB2_3get0uECs87BzzW6bcZ0_17integration_tests
FN:564,_RINvMs4_NtCs20hiC2j2Dsb_12dualcache_ff5cacheINtB6_11DualCacheFFyyE14with_worker_idNCNvB2_6insert0uECs87BzzW6bcZ0_17integration_tests
FN:564,_RINvMs4_NtCs20hiC2j2Dsb_12dualcache_ff5cacheINtB6_11DualCacheFFyyE14with_worker_idNCNvB2_6inserts6_0uECs87BzzW6bcZ0_17integration_tests
FN:564,_RINvMs4_NtCs20hiC2j2Dsb_12dualcache_ff5cacheINtB6_11DualCacheFFyyE14with_worker_idNCNvB2_6remove0uECs87BzzW6bcZ0_17integration_tests
FN:588,_RINvMs4_NtCs20hiC2j2Dsb_12dualcache_ff5cacheINtB6_11DualCacheFFyyE20with_last_flush_tickNCNCNvB2_6inserts6_00uECs87BzzW6bcZ0_17integration_tests
FN:588,_RINvMs4_NtCs20hiC2j2Dsb_12dualcache_ff5cacheINtB6_11DualCacheFFyyE20with_last_flush_tickNCNCNvB2_6remove00uECs87BzzW6bcZ0_17integration_tests
FN:588,_RINvMs4_NtCs20hiC2j2Dsb_12dualcache_ff5cacheINtB6_11DualCacheFFyyE20with_last_flush_tickNCNvB2_6inserts5_0uECs87BzzW6bcZ0_17integration_tests
FN:507,_RNCNCNvMs4_NtCs20hiC2j2Dsb_12dualcache_ff5cacheINtB9_11DualCacheFFNtNtCs8dnTdrJsiec_5alloc6string6StringB12_E6inserts6_00Cs87BzzW6bcZ0_17integration_tests
FN:538,_RNCNCNvMs4_NtCs20hiC2j2Dsb_12dualcache_ff5cacheINtB9_11DualCacheFFhtE6remove00Cs87BzzW6bcZ0_17integration_tests
FN:507,_RNCNCNvMs4_NtCs20hiC2j2Dsb_12dualcache_ff5cacheINtB9_11DualCacheFFlINtNtCs8dnTdrJsiec_5alloc3vec3VechEE6inserts6_00Cs87BzzW6bcZ0_17integration_tests
FN:507,_RNCNCNvMs4_NtCs20hiC2j2Dsb_12dualcache_ff5cacheINtB9_11DualCacheFFlNtNtCs8dnTdrJsiec_5alloc6string6StringE6inserts6_00Cs87BzzW6bcZ0_17integration_tests
FN:538,_RNCNCNvMs4_NtCs20hiC2j2Dsb_12dualcache_ff5cacheINtB9_11DualCacheFFlNtNtCs8dnTdrJsiec_5alloc6string6StringE6remove00Cs87BzzW6bcZ0_17integration_tests
FN:507,_RNCNCNvMs4_NtCs20hiC2j2Dsb_12dualcache_ff5cacheINtB9_11DualCacheFFllE6inserts6_00Cs87BzzW6bcZ0_17integration_tests
FN:538,_RNCNCNvMs4_NtCs20hiC2j2Dsb_12dualcache_ff5cacheINtB9_11DualCacheFFllE6remove00Cs87BzzW6bcZ0_17integration_tests
FN:507,_RNCNCNvMs4_NtCs20hiC2j2Dsb_12dualcache_ff5cacheINtB9_11DualCacheFFyyE6inserts6_00Cs87BzzW6bcZ0_17integration_tests
FN:538,_RNCNCNvMs4_NtCs20hiC2j2Dsb_12dualcache_ff5cacheINtB9_11DualCacheFFyyE6remove00Cs87BzzW6bcZ0_17integration_tests
FN:112,_RNCNvMs1_NtCs20hiC2j2Dsb_12dualcache_ff5cacheINtB7_11DualCacheFFNtNtCs8dnTdrJsiec_5alloc6string6StringB10_E16new_with_spawner0Cs87BzzW6bcZ0_17integration_tests
FN:112,_RNCNvMs1_NtCs20hiC2j2Dsb_12dualcache_ff5cacheINtB7_11DualCacheFFhtE16new_with_spawner0Cs87BzzW6bcZ0_17integration_tests
FN:112,_RNCNvMs1_NtCs20hiC2j2Dsb_12dualcache_ff5cacheINtB7_11DualCacheFFlINtNtCs8dnTdrJsiec_5alloc3vec3VechEE16new_with_spawner0Cs87BzzW6bcZ0_17integration_tests
FN:112,_RNCNvMs1_NtCs20hiC2j2Dsb_12dualcache_ff5cacheINtB7_11DualCacheFFlNtNtCs8dnTdrJsiec_5alloc6string6StringE16new_with_spawner0Cs87BzzW6bcZ0_17integration_tests
FN:112,_RNCNvMs1_NtCs20hiC2j2Dsb_12dualcache_ff5cacheINtB7_11DualCacheFFllE16new_with_spawner0Cs87BzzW6bcZ0_17integration_tests
FN:112,_RNCNvMs1_NtCs20hiC2j2Dsb_12dualcache_ff5cacheINtB7_11DualCacheFFyyE16new_with_spawner0Cs87BzzW6bcZ0_17integration_tests
FN:221,_RNCNvMs3_NtCs20hiC2j2Dsb_12dualcache_ff5cacheINtB7_11DualCacheFFyyE24new_with_tls_and_spawner0Cs87BzzW6bcZ0_17integration_tests
FN:606,_RNCNvMs4_NtCs20hiC2j2Dsb_12dualcache_ff5cacheINtB7_11DualCacheFFNtNtCs8dnTdrJsiec_5alloc6string6StringB10_E10record_hit0Cs87BzzW6bcZ0_17integration_tests
FN:299,_RNCNvMs4_NtCs20hiC2j2Dsb_12dualcache_ff5cacheINtB7_11DualCacheFFNtNtCs8dnTdrJsiec_5alloc6string6StringB10_E3get0Cs87BzzW6bcZ0_17integration_tests
FN:350,_RNCNvMs4_NtCs20hiC2j2Dsb_12dualcache_ff5cacheINtB7_11DualCacheFFNtNtCs8dnTdrJsiec_5alloc6string6StringB10_E3gets0_0Cs87BzzW6bcZ0_17integration_tests
FN:326,_RNCNvMs4_NtCs20hiC2j2Dsb_12dualcache_ff5cacheINtB7_11DualCacheFFNtNtCs8dnTdrJsiec_5alloc6string6StringB10_E3gets_0Cs87BzzW6bcZ0_17integration_tests
FN:240,_RNCNvMs4_NtCs20hiC2j2Dsb_12dualcache_ff5cacheINtB7_11DualCacheFFNtNtCs8dnTdrJsiec_5alloc6string6StringB10_E4sync0Cs87BzzW6bcZ0_17integration_tests
FN:404,_RNCNvMs4_NtCs20hiC2j2Dsb_12dualcache_ff5cacheINtB7_11DualCacheFFNtNtCs8dnTdrJsiec_5alloc6string6StringB10_E6insert0Cs87BzzW6bcZ0_17integration_tests
FN:421,_RNCNvMs4_NtCs20hiC2j2Dsb_12dualcache_ff5cacheINtB7_11DualCacheFFNtNtCs8dnTdrJsiec_5alloc6string6StringB10_E6inserts0_0Cs87BzzW6bcZ0_17integration_tests
FN:429,_RNCNvMs4_NtCs20hiC2j2Dsb_12dualcache_ff5cacheINtB7_11DualCacheFFNtNtCs8dnTdrJsiec_5alloc6string6StringB10_E6inserts1_0Cs87BzzW6bcZ0_17integration_tests
FN:430,_RNCNvMs4_NtCs20hiC2j2Dsb_12dualcache_ff5cacheINtB7_11DualCacheFFNtNtCs8dnTdrJsiec_5alloc6string6StringB10_E6inserts2_0Cs87BzzW6bcZ0_17integration_tests
FN:449,_RNCNvMs4_NtCs20hiC2j2Dsb_12dualcache_ff5cacheINtB7_11DualCacheFFNtNtCs8dnTdrJsiec_5alloc6string6StringB10_E6inserts3_0Cs87BzzW6bcZ0_17integration_tests
FN:478,_RNCNvMs4_NtCs20hiC2j2Dsb_12dualcache_ff5cacheINtB7_11DualCacheFFNtNtCs8dnTdrJsiec_5alloc6string6StringB10_E6inserts4_0Cs87BzzW6bcZ0_17integration_tests
FN:484,_RNCNvMs4_NtCs20hiC2j2Dsb_12dualcache_ff5cacheINtB7_11DualCacheFFNtNtCs8dnTdrJsiec_5alloc6string6StringB10_E6inserts5_0Cs87BzzW6bcZ0_17integration_tests
FN:490,_RNCNvMs4_NtCs20hiC2j2Dsb_12dualcache_ff5cacheINtB7_11DualCacheFFNtNtCs8dnTdrJsiec_5alloc6string6StringB10_E6inserts6_0Cs87BzzW6bcZ0_17integration_tests
FN:415,_RNCNvMs4_NtCs20hiC2j2Dsb_12dualcache_ff5cacheINtB7_11DualCacheFFNtNtCs8dnTdrJsiec_5alloc6string6StringB10_E6inserts_0Cs87BzzW6bcZ0_17integration_tests
FN:606,_RNCNvMs4_NtCs20hiC2j2Dsb_12dualcache_ff5cacheINtB7_11DualCacheFFhtE10record_hit0Cs87BzzW6bcZ0_17integration_tests
FN:299,_RNCNvMs4_NtCs20hiC2j2Dsb_12dualcache_ff5cacheINtB7_11DualCacheFFhtE3get0Cs87BzzW6bcZ0_17integration_tests
FN:350,_RNCNvMs4_NtCs20hiC2j2Dsb_12dualcache_ff5cacheINtB7_11DualCacheFFhtE3gets0_0Cs87BzzW6bcZ0_17integration_tests
FN:326,_RNCNvMs4_NtCs20hiC2j2Dsb_12dualcache_ff5cacheINtB7_11DualCacheFFhtE3gets_0Cs87BzzW6bcZ0_17integration_tests
FN:240,_RNCNvMs4_NtCs20hiC2j2Dsb_12dualcache_ff5cacheINtB7_11DualCacheFFhtE4sync0Cs87BzzW6bcZ0_17integration_tests
FN:531,_RNCNvMs4_NtCs20hiC2j2Dsb_12dualcache_ff5cacheINtB7_11DualCacheFFhtE6remove0Cs87BzzW6bcZ0_17integration_tests
FN:606,_RNCNvMs4_NtCs20hiC2j2Dsb_12dualcache_ff5cacheINtB7_11DualCacheFFlINtNtCs8dnTdrJsiec_5alloc3vec3VechEE10record_hit0Cs87BzzW6bcZ0_17integration_tests
FN:299,_RNCNvMs4_NtCs20hiC2j2Dsb_12dualcache_ff5cacheINtB7_11DualCacheFFlINtNtCs8dnTdrJsiec_5alloc3vec3VechEE3get0Cs87BzzW6bcZ0_17integration_tests
FN:350,_RNCNvMs4_NtCs20hiC2j2Dsb_12dualcache_ff5cacheINtB7_11DualCacheFFlINtNtCs8dnTdrJsiec_5alloc3vec3VechEE3gets0_0Cs87BzzW6bcZ0_17integration_tests
FN:326,_RNCNvMs4_NtCs20hiC2j2Dsb_12dualcache_ff5cacheINtB7_11DualCacheFFlINtNtCs8dnTdrJsiec_5alloc3vec3VechEE3gets_0Cs87BzzW6bcZ0_17integration_tests
FN:240,_RNCNvMs4_NtCs20hiC2j2Dsb_12dualcache_ff5cacheINtB7_11DualCacheFFlINtNtCs8dnTdrJsiec_5alloc3vec3VechEE4sync0Cs87BzzW6bcZ0_17integration_tests
FN:404,_RNCNvMs4_NtCs20hiC2j2Dsb_12dualcache_ff5cacheINtB7_11DualCacheFFlINtNtCs8dnTdrJsiec_5alloc3vec3VechEE6insert0Cs87BzzW6bcZ0_17integration_tests
FN:421,_RNCNvMs4_NtCs20hiC2j2Dsb_12dualcache_ff5cacheINtB7_11DualCacheFFlINtNtCs8dnTdrJsiec_5alloc3vec3VechEE6inserts0_0Cs87BzzW6bcZ0_17integration_tests
FN:429,_RNCNvMs4_NtCs20hiC2j2Dsb_12dualcache_ff5cacheINtB7_11DualCacheFFlINtNtCs8dnTdrJsiec_5alloc3vec3VechEE6inserts1_0Cs87BzzW6bcZ0_17integration_tests
FN:430,_RNCNvMs4_NtCs20hiC2j2Dsb_12dualcache_ff5cacheINtB7_11DualCacheFFlINtNtCs8dnTdrJsiec_5alloc3vec3VechEE6inserts2_0Cs87BzzW6bcZ0_17integration_tests
FN:449,_RNCNvMs4_NtCs20hiC2j2Dsb_12dualcache_ff5cacheINtB7_11DualCacheFFlINtNtCs8dnTdrJsiec_5alloc3vec3VechEE6inserts3_0Cs87BzzW6bcZ0_17integration_tests
FN:478,_RNCNvMs4_NtCs20hiC2j2Dsb_12dualcache_ff5cacheINtB7_11DualCacheFFlINtNtCs8dnTdrJsiec_5alloc3vec3VechEE6inserts4_0Cs87BzzW6bcZ0_17integration_tests
FN:484,_RNCNvMs4_NtCs20hiC2j2Dsb_12dualcache_ff5cacheINtB7_11DualCacheFFlINtNtCs8dnTdrJsiec_5alloc3vec3VechEE6inserts5_0Cs87BzzW6bcZ0_17integration_tests
FN:490,_RNCNvMs4_NtCs20hiC2j2Dsb_12dualcache_ff5cacheINtB7_11DualCacheFFlINtNtCs8dnTdrJsiec_5alloc3vec3VechEE6inserts6_0Cs87BzzW6bcZ0_17integration_tests
FN:415,_RNCNvMs4_NtCs20hiC2j2Dsb_12dualcache_ff5cacheINtB7_11DualCacheFFlINtNtCs8dnTdrJsiec_5alloc3vec3VechEE6inserts_0Cs87BzzW6bcZ0_17integration_tests
FN:606,_RNCNvMs4_NtCs20hiC2j2Dsb_12dualcache_ff5cacheINtB7_11DualCacheFFlNtNtCs8dnTdrJsiec_5alloc6string6StringE10record_hit0Cs87BzzW6bcZ0_17integration_tests
FN:299,_RNCNvMs4_NtCs20hiC2j2Dsb_12dualcache_ff5cacheINtB7_11DualCacheFFlNtNtCs8dnTdrJsiec_5alloc6string6StringE3get0Cs87BzzW6bcZ0_17integration_tests
FN:350,_RNCNvMs4_NtCs20hiC2j2Dsb_12dualcache_ff5cacheINtB7_11DualCacheFFlNtNtCs8dnTdrJsiec_5alloc6string6StringE3gets0_0Cs87BzzW6bcZ0_17integration_tests
FN:326,_RNCNvMs4_NtCs20hiC2j2Dsb_12dualcache_ff5cacheINtB7_11DualCacheFFlNtNtCs8dnTdrJsiec_5alloc6string6StringE3gets_0Cs87BzzW6bcZ0_17integration_tests
FN:240,_RNCNvMs4_NtCs20hiC2j2Dsb_12dualcache_ff5cacheINtB7_11DualCacheFFlNtNtCs8dnTdrJsiec_5alloc6string6StringE4sync0Cs87BzzW6bcZ0_17integration_tests
FN:404,_RNCNvMs4_NtCs20hiC2j2Dsb_12dualcache_ff5cacheINtB7_11DualCacheFFlNtNtCs8dnTdrJsiec_5alloc6string6StringE6insert0Cs87BzzW6bcZ0_17integration_tests
FN:421,_RNCNvMs4_NtCs20hiC2j2Dsb_12dualcache_ff5cacheINtB7_11DualCacheFFlNtNtCs8dnTdrJsiec_5alloc6string6StringE6inserts0_0Cs87BzzW6bcZ0_17integration_tests
FN:429,_RNCNvMs4_NtCs20hiC2j2Dsb_12dualcache_ff5cacheINtB7_11DualCacheFFlNtNtCs8dnTdrJsiec_5alloc6string6StringE6inserts1_0Cs87BzzW6bcZ0_17integration_tests
FN:430,_RNCNvMs4_NtCs20hiC2j2Dsb_12dualcache_ff5cacheINtB7_11DualCacheFFlNtNtCs8dnTdrJsiec_5alloc6string6StringE6inserts2_0Cs87BzzW6bcZ0_17integration_tests
FN:449,_RNCNvMs4_NtCs20hiC2j2Dsb_12dualcache_ff5cacheINtB7_11DualCacheFFlNtNtCs8dnTdrJsiec_5alloc6string6StringE6inserts3_0Cs87BzzW6bcZ0_17integration_tests
FN:478,_RNCNvMs4_NtCs20hiC2j2Dsb_12dualcache_ff5cacheINtB7_11DualCacheFFlNtNtCs8dnTdrJsiec_5alloc6string6StringE6inserts4_0Cs87BzzW6bcZ0_17integration_tests
FN:484,_RNCNvMs4_NtCs20hiC2j2Dsb_12dualcache_ff5cacheINtB7_11DualCacheFFlNtNtCs8dnTdrJsiec_5alloc6string6StringE6inserts5_0Cs87BzzW6bcZ0_17integration_tests
FN:490,_RNCNvMs4_NtCs20hiC2j2Dsb_12dualcache_ff5cacheINtB7_11DualCacheFFlNtNtCs8dnTdrJsiec_5alloc6string6StringE6inserts6_0Cs87BzzW6bcZ0_17integration_tests
FN:415,_RNCNvMs4_NtCs20hiC2j2Dsb_12dualcache_ff5cacheINtB7_11DualCacheFFlNtNtCs8dnTdrJsiec_5alloc6string6StringE6inserts_0Cs87BzzW6bcZ0_17integration_tests
FN:531,_RNCNvMs4_NtCs20hiC2j2Dsb_12dualcache_ff5cacheINtB7_11DualCacheFFlNtNtCs8dnTdrJsiec_5alloc6string6StringE6remove0Cs87BzzW6bcZ0_17integration_tests
FN:606,_RNCNvMs4_NtCs20hiC2j2Dsb_12dualcache_ff5cacheINtB7_11DualCacheFFllE10record_hit0Cs87BzzW6bcZ0_17integration_tests
FN:299,_RNCNvMs4_NtCs20hiC2j2Dsb_12dualcache_ff5cacheINtB7_11DualCacheFFllE3get0Cs87BzzW6bcZ0_17integration_tests
FN:350,_RNCNvMs4_NtCs20hiC2j2Dsb_12dualcache_ff5cacheINtB7_11DualCacheFFllE3gets0_0Cs87BzzW6bcZ0_17integration_tests
FN:326,_RNCNvMs4_NtCs20hiC2j2Dsb_12dualcache_ff5cacheINtB7_11DualCacheFFllE3gets_0Cs87BzzW6bcZ0_17integration_tests
FN:240,_RNCNvMs4_NtCs20hiC2j2Dsb_12dualcache_ff5cacheINtB7_11DualCacheFFllE4sync0Cs87BzzW6bcZ0_17integration_tests
FN:404,_RNCNvMs4_NtCs20hiC2j2Dsb_12dualcache_ff5cacheINtB7_11DualCacheFFllE6insert0Cs87BzzW6bcZ0_17integration_tests
FN:421,_RNCNvMs4_NtCs20hiC2j2Dsb_12dualcache_ff5cacheINtB7_11DualCacheFFllE6inserts0_0Cs87BzzW6bcZ0_17integration_tests
FN:429,_RNCNvMs4_NtCs20hiC2j2Dsb_12dualcache_ff5cacheINtB7_11DualCacheFFllE6inserts1_0Cs87BzzW6bcZ0_17integration_tests
FN:430,_RNCNvMs4_NtCs20hiC2j2Dsb_12dualcache_ff5cacheINtB7_11DualCacheFFllE6inserts2_0Cs87BzzW6bcZ0_17integration_tests
FN:449,_RNCNvMs4_NtCs20hiC2j2Dsb_12dualcache_ff5cacheINtB7_11DualCacheFFllE6inserts3_0Cs87BzzW6bcZ0_17integration_tests
FN:478,_RNCNvMs4_NtCs20hiC2j2Dsb_12dualcache_ff5cacheINtB7_11DualCacheFFllE6inserts4_0Cs87BzzW6bcZ0_17integration_tests
FN:484,_RNCNvMs4_NtCs20hiC2j2Dsb_12dualcache_ff5cacheINtB7_11DualCacheFFllE6inserts5_0Cs87BzzW6bcZ0_17integration_tests
FN:490,_RNCNvMs4_NtCs20hiC2j2Dsb_12dualcache_ff5cacheINtB7_11DualCacheFFllE6inserts6_0Cs87BzzW6bcZ0_17integration_tests
FN:415,_RNCNvMs4_NtCs20hiC2j2Dsb_12dualcache_ff5cacheINtB7_11DualCacheFFllE6inserts_0Cs87BzzW6bcZ0_17integration_tests
FN:531,_RNCNvMs4_NtCs20hiC2j2Dsb_12dualcache_ff5cacheINtB7_11DualCacheFFllE6remove0Cs87BzzW6bcZ0_17integration_tests
FN:606,_RNCNvMs4_NtCs20hiC2j2Dsb_12dualcache_ff5cacheINtB7_11DualCacheFFyyE10record_hit0Cs87BzzW6bcZ0_17integration_tests
FN:299,_RNCNvMs4_NtCs20hiC2j2Dsb_12dualcache_ff5cacheINtB7_11DualCacheFFyyE3get0Cs87BzzW6bcZ0_17integration_tests
FN:350,_RNCNvMs4_NtCs20hiC2j2Dsb_12dualcache_ff5cacheINtB7_11DualCacheFFyyE3gets0_0Cs87BzzW6bcZ0_17integration_tests
FN:326,_RNCNvMs4_NtCs20hiC2j2Dsb_12dualcache_ff5cacheINtB7_11DualCacheFFyyE3gets_0Cs87BzzW6bcZ0_17integration_tests
FN:240,_RNCNvMs4_NtCs20hiC2j2Dsb_12dualcache_ff5cacheINtB7_11DualCacheFFyyE4sync0Cs87BzzW6bcZ0_17integration_tests
FN:404,_RNCNvMs4_NtCs20hiC2j2Dsb_12dualcache_ff5cacheINtB7_11DualCacheFFyyE6insert0Cs87BzzW6bcZ0_17integration_tests
FN:421,_RNCNvMs4_NtCs20hiC2j2Dsb_12dualcache_ff5cacheINtB7_11DualCacheFFyyE6inserts0_0Cs87BzzW6bcZ0_17integration_tests
FN:429,_RNCNvMs4_NtCs20hiC2j2Dsb_12dualcache_ff5cacheINtB7_11DualCacheFFyyE6inserts1_0Cs87BzzW6bcZ0_17integration_tests
FN:430,_RNCNvMs4_NtCs20hiC2j2Dsb_12dualcache_ff5cacheINtB7_11DualCacheFFyyE6inserts2_0Cs87BzzW6bcZ0_17integration_tests
FN:449,_RNCNvMs4_NtCs20hiC2j2Dsb_12dualcache_ff5cacheINtB7_11DualCacheFFyyE6inserts3_0Cs87BzzW6bcZ0_17integration_tests
FN:478,_RNCNvMs4_NtCs20hiC2j2Dsb_12dualcache_ff5cacheINtB7_11DualCacheFFyyE6inserts4_0Cs87BzzW6bcZ0_17integration_tests
FN:484,_RNCNvMs4_NtCs20hiC2j2Dsb_12dualcache_ff5cacheINtB7_11DualCacheFFyyE6inserts5_0Cs87BzzW6bcZ0_17integration_tests
FN:490,_RNCNvMs4_NtCs20hiC2j2Dsb_12dualcache_ff5cacheINtB7_11DualCacheFFyyE6inserts6_0Cs87BzzW6bcZ0_17integration_tests
FN:415,_RNCNvMs4_NtCs20hiC2j2Dsb_12dualcache_ff5cacheINtB7_11DualCacheFFyyE6inserts_0Cs87BzzW6bcZ0_17integration_tests
FN:531,_RNCNvMs4_NtCs20hiC2j2Dsb_12dualcache_ff5cacheINtB7_11DualCacheFFyyE6remove0Cs87BzzW6bcZ0_17integration_tests
FN:96,_RNvMs0_NtCs20hiC2j2Dsb_12dualcache_ff5cacheINtB5_11DualCacheFFyyE12new_with_tlsCs87BzzW6bcZ0_17integration_tests
FN:128,_RNvMs1_NtCs20hiC2j2Dsb_12dualcache_ff5cacheINtB5_11DualCacheFFNtNtCs8dnTdrJsiec_5alloc6string6StringBY_E12new_headlessCs87BzzW6bcZ0_17integration_tests
FN:110,_RNvMs1_NtCs20hiC2j2Dsb_12dualcache_ff5cacheINtB5_11DualCacheFFNtNtCs8dnTdrJsiec_5alloc6string6StringBY_E16new_with_spawnerCs87BzzW6bcZ0_17integration_tests
FN:128,_RNvMs1_NtCs20hiC2j2Dsb_12dualcache_ff5cacheINtB5_11DualCacheFFhtE12new_headlessCs87BzzW6bcZ0_17integration_tests
FN:110,_RNvMs1_NtCs20hiC2j2Dsb_12dualcache_ff5cacheINtB5_11DualCacheFFhtE16new_with_spawnerCs87BzzW6bcZ0_17integration_tests
FN:128,_RNvMs1_NtCs20hiC2j2Dsb_12dualcache_ff5cacheINtB5_11DualCacheFFlINtNtCs8dnTdrJsiec_5alloc3vec3VechEE12new_headlessCs87BzzW6bcZ0_17integration_tests
FN:110,_RNvMs1_NtCs20hiC2j2Dsb_12dualcache_ff5cacheINtB5_11DualCacheFFlINtNtCs8dnTdrJsiec_5alloc3vec3VechEE16new_with_spawnerCs87BzzW6bcZ0_17integration_tests
FN:128,_RNvMs1_NtCs20hiC2j2Dsb_12dualcache_ff5cacheINtB5_11DualCacheFFlNtNtCs8dnTdrJsiec_5alloc6string6StringE12new_headlessCs87BzzW6bcZ0_17integration_tests
FN:110,_RNvMs1_NtCs20hiC2j2Dsb_12dualcache_ff5cacheINtB5_11DualCacheFFlNtNtCs8dnTdrJsiec_5alloc6string6StringE16new_with_spawnerCs87BzzW6bcZ0_17integration_tests
FN:128,_RNvMs1_NtCs20hiC2j2Dsb_12dualcache_ff5cacheINtB5_11DualCacheFFllE12new_headlessCs87BzzW6bcZ0_17integration_tests
FN:110,_RNvMs1_NtCs20hiC2j2Dsb_12dualcache_ff5cacheINtB5_11DualCacheFFllE16new_with_spawnerCs87BzzW6bcZ0_17integration_tests
FN:128,_RNvMs1_NtCs20hiC2j2Dsb_12dualcache_ff5cacheINtB5_11DualCacheFFyyE12new_headlessCs87BzzW6bcZ0_17integration_tests
FN:110,_RNvMs1_NtCs20hiC2j2Dsb_12dualcache_ff5cacheINtB5_11DualCacheFFyyE16new_with_spawnerCs87BzzW6bcZ0_17integration_tests
FN:155,_RNvMs3_NtCs20hiC2j2Dsb_12dualcache_ff5cacheINtB5_11DualCacheFFNtNtCs8dnTdrJsiec_5alloc6string6StringBY_E21new_headless_with_tlsCs87BzzW6bcZ0_17integration_tests
FN:155,_RNvMs3_NtCs20hiC2j2Dsb_12dualcache_ff5cacheINtB5_11DualCacheFFhtE21new_headless_with_tlsCs87BzzW6bcZ0_17integration_tests
FN:155,_RNvMs3_NtCs20hiC2j2Dsb_12dualcache_ff5cacheINtB5_11DualCacheFFlINtNtCs8dnTdrJsiec_5alloc3vec3VechEE21new_headless_with_tlsCs87BzzW6bcZ0_17integration_tests
FN:155,_RNvMs3_NtCs20hiC2j2Dsb_12dualcache_ff5cacheINtB5_11DualCacheFFlNtNtCs8dnTdrJsiec_5alloc6string6StringE21new_headless_with_tlsCs87BzzW6bcZ0_17integration_tests
FN:155,_RNvMs3_NtCs20hiC2j2Dsb_12dualcache_ff5cacheINtB5_11DualCacheFFllE21new_headless_with_tlsCs87BzzW6bcZ0_17integration_tests
FN:155,_RNvMs3_NtCs20hiC2j2Dsb_12dualcache_ff5cacheINtB5_11DualCacheFFyyE21new_headless_with_tlsCs87BzzW6bcZ0_17integration_tests
FN:218,_RNvMs3_NtCs20hiC2j2Dsb_12dualcache_ff5cacheINtB5_11DualCacheFFyyE24new_with_tls_and_spawnerCs87BzzW6bcZ0_17integration_tests
FN:605,_RNvMs4_NtCs20hiC2j2Dsb_12dualcache_ff5cacheINtB5_11DualCacheFFNtNtCs8dnTdrJsiec_5alloc6string6StringBY_E10record_hitCs87BzzW6bcZ0_17integration_tests
FN:522,_RNvMs4_NtCs20hiC2j2Dsb_12dualcache_ff5cacheINtB5_11DualCacheFFNtNtCs8dnTdrJsiec_5alloc6string6StringBY_E24begin_cold_start_sessionCs87BzzW6bcZ0_17integration_tests
FN:292,_RNvMs4_NtCs20hiC2j2Dsb_12dualcache_ff5cacheINtB5_11DualCacheFFNtNtCs8dnTdrJsiec_5alloc6string6StringBY_E3getCs87BzzW6bcZ0_17integration_tests
FN:596,_RNvMs4_NtCs20hiC2j2Dsb_12dualcache_ff5cacheINtB5_11DualCacheFFNtNtCs8dnTdrJsiec_5alloc6string6StringBY_E4hashCs87BzzW6bcZ0_17integration_tests
FN:238,_RNvMs4_NtCs20hiC2j2Dsb_12dualcache_ff5cacheINtB5_11DualCacheFFNtNtCs8dnTdrJsiec_5alloc6string6StringBY_E4syncCs87BzzW6bcZ0_17integration_tests
FN:547,_RNvMs4_NtCs20hiC2j2Dsb_12dualcache_ff5cacheINtB5_11DualCacheFFNtNtCs8dnTdrJsiec_5alloc6string6StringBY_E5clearCs87BzzW6bcZ0_17integration_tests
FN:387,_RNvMs4_NtCs20hiC2j2Dsb_12dualcache_ff5cacheINtB5_11DualCacheFFNtNtCs8dnTdrJsiec_5alloc6string6StringBY_E6insertCs87BzzW6bcZ0_17integration_tests
FN:277,_RNvMs4_NtCs20hiC2j2Dsb_12dualcache_ff5cacheINtB5_11DualCacheFFNtNtCs8dnTdrJsiec_5alloc6string6StringBY_E6resumeCs87BzzW6bcZ0_17integration_tests
FN:271,_RNvMs4_NtCs20hiC2j2Dsb_12dualcache_ff5cacheINtB5_11DualCacheFFNtNtCs8dnTdrJsiec_5alloc6string6StringBY_E7suspendCs87BzzW6bcZ0_17integration_tests
FN:605,_RNvMs4_NtCs20hiC2j2Dsb_12dualcache_ff5cacheINtB5_11DualCacheFFhtE10record_hitCs87BzzW6bcZ0_17integration_tests
FN:522,_RNvMs4_NtCs20hiC2j2Dsb_12dualcache_ff5cacheINtB5_11DualCacheFFhtE24begin_cold_start_sessionCs87BzzW6bcZ0_17integration_tests
FN:292,_RNvMs4_NtCs20hiC2j2Dsb_12dualcache_ff5cacheINtB5_11DualCacheFFhtE3getCs87BzzW6bcZ0_17integration_tests
FN:596,_RNvMs4_NtCs20hiC2j2Dsb_12dualcache_ff5cacheINtB5_11DualCacheFFhtE4hashCs87BzzW6bcZ0_17integration_tests
FN:238,_RNvMs4_NtCs20hiC2j2Dsb_12dualcache_ff5cacheINtB5_11DualCacheFFhtE4syncCs87BzzW6bcZ0_17integration_tests
FN:547,_RNvMs4_NtCs20hiC2j2Dsb_12dualcache_ff5cacheINtB5_11DualCacheFFhtE5clearCs87BzzW6bcZ0_17integration_tests
FN:527,_RNvMs4_NtCs20hiC2j2Dsb_12dualcache_ff5cacheINtB5_11DualCacheFFhtE6removeCs87BzzW6bcZ0_17integration_tests
FN:605,_RNvMs4_NtCs20hiC2j2Dsb_12dualcache_ff5cacheINtB5_11DualCacheFFlINtNtCs8dnTdrJsiec_5alloc3vec3VechEE10record_hitCs87BzzW6bcZ0_17integration_tests
FN:292,_RNvMs4_NtCs20hiC2j2Dsb_12dualcache_ff5cacheINtB5_11DualCacheFFlINtNtCs8dnTdrJsiec_5alloc3vec3VechEE3getCs87BzzW6bcZ0_17integration_tests
FN:596,_RNvMs4_NtCs20hiC2j2Dsb_12dualcache_ff5cacheINtB5_11DualCacheFFlINtNtCs8dnTdrJsiec_5alloc3vec3VechEE4hashCs87BzzW6bcZ0_17integration_tests
FN:238,_RNvMs4_NtCs20hiC2j2Dsb_12dualcache_ff5cacheINtB5_11DualCacheFFlINtNtCs8dnTdrJsiec_5alloc3vec3VechEE4syncCs87BzzW6bcZ0_17integration_tests
FN:387,_RNvMs4_NtCs20hiC2j2Dsb_12dualcache_ff5cacheINtB5_11DualCacheFFlINtNtCs8dnTdrJsiec_5alloc3vec3VechEE6insertCs87BzzW6bcZ0_17integration_tests
FN:605,_RNvMs4_NtCs20hiC2j2Dsb_12dualcache_ff5cacheINtB5_11DualCacheFFlNtNtCs8dnTdrJsiec_5alloc6string6StringE10record_hitCs87BzzW6bcZ0_17integration_tests
FN:292,_RNvMs4_NtCs20hiC2j2Dsb_12dualcache_ff5cacheINtB5_11DualCacheFFlNtNtCs8dnTdrJsiec_5alloc6string6StringE3getCs87BzzW6bcZ0_17integration_tests
FN:596,_RNvMs4_NtCs20hiC2j2Dsb_12dualcache_ff5cacheINtB5_11DualCacheFFlNtNtCs8dnTdrJsiec_5alloc6string6StringE4hashCs87BzzW6bcZ0_17integration_tests
FN:238,_RNvMs4_NtCs20hiC2j2Dsb_12dualcache_ff5cacheINtB5_11DualCacheFFlNtNtCs8dnTdrJsiec_5alloc6string6StringE4syncCs87BzzW6bcZ0_17integration_tests
FN:387,_RNvMs4_NtCs20hiC2j2Dsb_12dualcache_ff5cacheINtB5_11DualCacheFFlNtNtCs8dnTdrJsiec_5alloc6string6StringE6insertCs87BzzW6bcZ0_17integration_tests
FN:527,_RNvMs4_NtCs20hiC2j2Dsb_12dualcache_ff5cacheINtB5_11DualCacheFFlNtNtCs8dnTdrJsiec_5alloc6string6StringE6removeCs87BzzW6bcZ0_17integration_tests
FN:605,_RNvMs4_NtCs20hiC2j2Dsb_12dualcache_ff5cacheINtB5_11DualCacheFFllE10record_hitCs87BzzW6bcZ0_17integration_tests
FN:522,_RNvMs4_NtCs20hiC2j2Dsb_12dualcache_ff5cacheINtB5_11DualCacheFFllE24begin_cold_start_sessionCs87BzzW6bcZ0_17integration_tests
FN:292,_RNvMs4_NtCs20hiC2j2Dsb_12dualcache_ff5cacheINtB5_11DualCacheFFllE3getCs87BzzW6bcZ0_17integration_tests
FN:596,_RNvMs4_NtCs20hiC2j2Dsb_12dualcache_ff5cacheINtB5_11DualCacheFFllE4hashCs87BzzW6bcZ0_17integration_tests
FN:238,_RNvMs4_NtCs20hiC2j2Dsb_12dualcache_ff5cacheINtB5_11DualCacheFFllE4syncCs87BzzW6bcZ0_17integration_tests
FN:387,_RNvMs4_NtCs20hiC2j2Dsb_12dualcache_ff5cacheINtB5_11DualCacheFFllE6insertCs87BzzW6bcZ0_17integration_tests
FN:527,_RNvMs4_NtCs20hiC2j2Dsb_12dualcache_ff5cacheINtB5_11DualCacheFFllE6removeCs87BzzW6bcZ0_17integration_tests
FN:605,_RNvMs4_NtCs20hiC2j2Dsb_12dualcache_ff5cacheINtB5_11DualCacheFFyyE10record_hitCs87BzzW6bcZ0_17integration_tests
FN:292,_RNvMs4_NtCs20hiC2j2Dsb_12dualcache_ff5cacheINtB5_11DualCacheFFyyE3getCs87BzzW6bcZ0_17integration_tests
FN:596,_RNvMs4_NtCs20hiC2j2Dsb_12dualcache_ff5cacheINtB5_11DualCacheFFyyE4hashCs87BzzW6bcZ0_17integration_tests
FN:238,_RNvMs4_NtCs20hiC2j2Dsb_12dualcache_ff5cacheINtB5_11DualCacheFFyyE4syncCs87BzzW6bcZ0_17integration_tests
FN:387,_RNvMs4_NtCs20hiC2j2Dsb_12dualcache_ff5cacheINtB5_11DualCacheFFyyE6insertCs87BzzW6bcZ0_17integration_tests
FN:527,_RNvMs4_NtCs20hiC2j2Dsb_12dualcache_ff5cacheINtB5_11DualCacheFFyyE6removeCs87BzzW6bcZ0_17integration_tests
FN:277,_RNvMs4_NtCs20hiC2j2Dsb_12dualcache_ff5cacheINtB5_11DualCacheFFyyE6resumeCs87BzzW6bcZ0_17integration_tests
FN:271,_RNvMs4_NtCs20hiC2j2Dsb_12dualcache_ff5cacheINtB5_11DualCacheFFyyE7suspendCs87BzzW6bcZ0_17integration_tests
FN:656,_RNvMs6_NtCs20hiC2j2Dsb_12dualcache_ff5cacheINtB5_16ColdStartSessionNtNtCs8dnTdrJsiec_5alloc6string6StringB13_NtNtCsU6ZQlEFAYg_5ahash12random_state11RandomStateE9insert_t1Cs87BzzW6bcZ0_17integration_tests
FN:656,_RNvMs6_NtCs20hiC2j2Dsb_12dualcache_ff5cacheINtB5_16ColdStartSessionhtNtNtCsU6ZQlEFAYg_5ahash12random_state11RandomStateE9insert_t1Cs87BzzW6bcZ0_17integration_tests
FN:656,_RNvMs6_NtCs20hiC2j2Dsb_12dualcache_ff5cacheINtB5_16ColdStartSessionllNtNtCsU6ZQlEFAYg_5ahash12random_state11RandomStateE9insert_t1Cs87BzzW6bcZ0_17integration_tests
FN:83,_RNvMs_NtCs20hiC2j2Dsb_12dualcache_ff5cacheINtB4_11DualCacheFFNtNtCs8dnTdrJsiec_5alloc6string6StringBX_E3newCs87BzzW6bcZ0_17integration_tests
FN:83,_RNvMs_NtCs20hiC2j2Dsb_12dualcache_ff5cacheINtB4_11DualCacheFFhtE3newCs87BzzW6bcZ0_17integration_tests
FN:83,_RNvMs_NtCs20hiC2j2Dsb_12dualcache_ff5cacheINtB4_11DualCacheFFlINtNtCs8dnTdrJsiec_5alloc3vec3VechEE3newCs87BzzW6bcZ0_17integration_tests
FN:83,_RNvMs_NtCs20hiC2j2Dsb_12dualcache_ff5cacheINtB4_11DualCacheFFlNtNtCs8dnTdrJsiec_5alloc6string6StringE3newCs87BzzW6bcZ0_17integration_tests
FN:83,_RNvMs_NtCs20hiC2j2Dsb_12dualcache_ff5cacheINtB4_11DualCacheFFllE3newCs87BzzW6bcZ0_17integration_tests
FN:83,_RNvMs_NtCs20hiC2j2Dsb_12dualcache_ff5cacheINtB4_11DualCacheFFyyE3newCs87BzzW6bcZ0_17integration_tests
FN:51,_RNvXNtCs20hiC2j2Dsb_12dualcache_ff5cacheINtB2_11DualCacheFFNtNtCs8dnTdrJsiec_5alloc6string6StringBV_ENtNtCs6sq8b9ugfBC_4core5clone5Clone5cloneCs87BzzW6bcZ0_17integration_tests
FN:51,_RNvXNtCs20hiC2j2Dsb_12dualcache_ff5cacheINtB2_11DualCacheFFlNtNtCs8dnTdrJsiec_5alloc6string6StringENtNtCs6sq8b9ugfBC_4core5clone5Clone5cloneCs87BzzW6bcZ0_17integration_tests
FN:51,_RNvXNtCs20hiC2j2Dsb_12dualcache_ff5cacheINtB2_11DualCacheFFllENtNtCs6sq8b9ugfBC_4core5clone5Clone5cloneCs87BzzW6bcZ0_17integration_tests
FN:51,_RNvXNtCs20hiC2j2Dsb_12dualcache_ff5cacheINtB2_11DualCacheFFyyENtNtCs6sq8b9ugfBC_4core5clone5Clone5cloneCs87BzzW6bcZ0_17integration_tests
FNDA:0,_RINvMs4_NtCsgIGa67KToV_12dualcache_ff5cacheINtB6_11DualCacheFFpppE12with_hit_bufppEB8_
FNDA:0,_RINvMs4_NtCsgIGa67KToV_12dualcache_ff5cacheINtB6_11DualCacheFFpppE14with_l1_filterppEB8_
FNDA:0,_RINvMs4_NtCsgIGa67KToV_12dualcache_ff5cacheINtB6_11DualCacheFFpppE14with_worker_idppEB8_
FNDA:0,_RINvMs4_NtCsgIGa67KToV_12dualcache_ff5cacheINtB6_11DualCacheFFpppE20with_last_flush_tickppEB8_
FNDA:0,_RNCNCNvMs4_NtCsgIGa67KToV_12dualcache_ff5cacheINtB9_11DualCacheFFpppE6inserts6_00Bb_
FNDA:0,_RNCNCNvMs4_NtCsgIGa67KToV_12dualcache_ff5cacheINtB9_11DualCacheFFpppE6remove00Bb_
FNDA:0,_RNCNvMs1_NtCsgIGa67KToV_12dualcache_ff5cacheINtB7_11DualCacheFFppE16new_with_spawner0B9_
FNDA:0,_RNCNvMs3_NtCsgIGa67KToV_12dualcache_ff5cacheINtB7_11DualCacheFFppE24new_with_tls_and_spawner0B9_
FNDA:0,_RNCNvMs4_NtCsgIGa67KToV_12dualcache_ff5cacheINtB7_11DualCacheFFpppE10record_hit0B9_
FNDA:0,_RNCNvMs4_NtCsgIGa67KToV_12dualcache_ff5cacheINtB7_11DualCacheFFpppE3get0B9_
FNDA:0,_RNCNvMs4_NtCsgIGa67KToV_12dualcache_ff5cacheINtB7_11DualCacheFFpppE3gets0_0B9_
FNDA:0,_RNCNvMs4_NtCsgIGa67KToV_12dualcache_ff5cacheINtB7_11DualCacheFFpppE3gets_0B9_
FNDA:0,_RNCNvMs4_NtCsgIGa67KToV_12dualcache_ff5cacheINtB7_11DualCacheFFpppE4sync0B9_
FNDA:0,_RNCNvMs4_NtCsgIGa67KToV_12dualcache_ff5cacheINtB7_11DualCacheFFpppE6insert0B9_
FNDA:0,_RNCNvMs4_NtCsgIGa67KToV_12dualcache_ff5cacheINtB7_11DualCacheFFpppE6inserts0_0B9_
FNDA:0,_RNCNvMs4_NtCsgIGa67KToV_12dualcache_ff5cacheINtB7_11DualCacheFFpppE6inserts1_0B9_
FNDA:0,_RNCNvMs4_NtCsgIGa67KToV_12dualcache_ff5cacheINtB7_11DualCacheFFpppE6inserts2_0B9_
FNDA:0,_RNCNvMs4_NtCsgIGa67KToV_12dualcache_ff5cacheINtB7_11DualCacheFFpppE6inserts3_0B9_
FNDA:0,_RNCNvMs4_NtCsgIGa67KToV_12dualcache_ff5cacheINtB7_11DualCacheFFpppE6inserts4_0B9_
FNDA:0,_RNCNvMs4_NtCsgIGa67KToV_12dualcache_ff5cacheINtB7_11DualCacheFFpppE6inserts5_0B9_
FNDA:0,_RNCNvMs4_NtCsgIGa67KToV_12dualcache_ff5cacheINtB7_11DualCacheFFpppE6inserts6_0B9_
FNDA:0,_RNCNvMs4_NtCsgIGa67KToV_12dualcache_ff5cacheINtB7_11DualCacheFFpppE6inserts_0B9_
FNDA:0,_RNCNvMs4_NtCsgIGa67KToV_12dualcache_ff5cacheINtB7_11DualCacheFFpppE6remove0B9_
FNDA:0,_RNvMs0_NtCsgIGa67KToV_12dualcache_ff5cacheINtB5_11DualCacheFFppE12new_with_tlsB7_
FNDA:0,_RNvMs1_NtCsgIGa67KToV_12dualcache_ff5cacheINtB5_11DualCacheFFppE12new_headlessB7_
FNDA:0,_RNvMs1_NtCsgIGa67KToV_12dualcache_ff5cacheINtB5_11DualCacheFFppE16new_with_spawnerB7_
FNDA:0,_RNvMs2_NtCsgIGa67KToV_12dualcache_ff5cacheINtB5_11DualCacheFFpppE21wake_daemon_if_parkedB7_
FNDA:0,_RNvMs3_NtCsgIGa67KToV_12dualcache_ff5cacheINtB5_11DualCacheFFppE21new_headless_with_tlsB7_
FNDA:0,_RNvMs3_NtCsgIGa67KToV_12dualcache_ff5cacheINtB5_11DualCacheFFppE24new_with_tls_and_spawnerB7_
FNDA:0,_RNvMs4_NtCsgIGa67KToV_12dualcache_ff5cacheINtB5_11DualCacheFFpppE10record_hitB7_
FNDA:0,_RNvMs4_NtCsgIGa67KToV_12dualcache_ff5cacheINtB5_11DualCacheFFpppE24begin_cold_start_sessionB7_
FNDA:0,_RNvMs4_NtCsgIGa67KToV_12dualcache_ff5cacheINtB5_11DualCacheFFpppE3getB7_
FNDA:0,_RNvMs4_NtCsgIGa67KToV_12dualcache_ff5cacheINtB5_11DualCacheFFpppE4hashB7_
FNDA:0,_RNvMs4_NtCsgIGa67KToV_12dualcache_ff5cacheINtB5_11DualCacheFFpppE4syncB7_
FNDA:0,_RNvMs4_NtCsgIGa67KToV_12dualcache_ff5cacheINtB5_11DualCacheFFpppE5clearB7_
FNDA:0,_RNvMs4_NtCsgIGa67KToV_12dualcache_ff5cacheINtB5_11DualCacheFFpppE6insertB7_
FNDA:0,_RNvMs4_NtCsgIGa67KToV_12dualcache_ff5cacheINtB5_11DualCacheFFpppE6removeB7_
FNDA:0,_RNvMs4_NtCsgIGa67KToV_12dualcache_ff5cacheINtB5_11DualCacheFFpppE6resumeB7_
FNDA:0,_RNvMs4_NtCsgIGa67KToV_12dualcache_ff5cacheINtB5_11DualCacheFFpppE7suspendB7_
FNDA:0,_RNvMs6_NtCsgIGa67KToV_12dualcache_ff5cacheINtB5_16ColdStartSessionpppE9insert_t1B7_
FNDA:0,_RNvMs_NtCsgIGa67KToV_12dualcache_ff5cacheINtB4_11DualCacheFFppE3newB6_
FNDA:0,_RNvXININtCsgIGa67KToV_12dualcache_ff5cache0pppEINtB5_11DualCacheFFpppENtNtCs6sq8b9ugfBC_4core5clone5Clone5cloneB7_
FNDA:0,_RNvXININtCsgIGa67KToV_12dualcache_ff5caches5_0pppEINtB5_11DualCacheFFpppENtNtNtCs6sq8b9ugfBC_4core3ops4drop4Drop4dropB7_
FNDA:3,_RNvMs2_NtCs20hiC2j2Dsb_12dualcache_ff5cacheINtB5_11DualCacheFFNtNtCs8dnTdrJsiec_5alloc6string6StringBY_E21wake_daemon_if_parkedCs87BzzW6bcZ0_17integration_tests
FNDA:26,_RNvMs2_NtCs20hiC2j2Dsb_12dualcache_ff5cacheINtB5_11DualCacheFFhtE21wake_daemon_if_parkedCs87BzzW6bcZ0_17integration_tests
FNDA:204,_RNvMs2_NtCs20hiC2j2Dsb_12dualcache_ff5cacheINtB5_11DualCacheFFlINtNtCs8dnTdrJsiec_5alloc3vec3VechEE21wake_daemon_if_parkedCs87BzzW6bcZ0_17integration_tests
FNDA:73663,_RNvMs2_NtCs20hiC2j2Dsb_12dualcache_ff5cacheINtB5_11DualCacheFFlNtNtCs8dnTdrJsiec_5alloc6string6StringE21wake_daemon_if_parkedCs87BzzW6bcZ0_17integration_tests
FNDA:3405,_RNvMs2_NtCs20hiC2j2Dsb_12dualcache_ff5cacheINtB5_11DualCacheFFllE21wake_daemon_if_parkedCs87BzzW6bcZ0_17integration_tests
FNDA:78,_RNvMs2_NtCs20hiC2j2Dsb_12dualcache_ff5cacheINtB5_11DualCacheFFyyE21wake_daemon_if_parkedCs87BzzW6bcZ0_17integration_tests
FNDA:2,_RNvXs5_NtCs20hiC2j2Dsb_12dualcache_ff5cacheINtB5_11DualCacheFFNtNtCs8dnTdrJsiec_5alloc6string6StringBY_ENtNtNtCs6sq8b9ugfBC_4core3ops4drop4Drop4dropCs87BzzW6bcZ0_17integration_tests
FNDA:10,_RNvXs5_NtCs20hiC2j2Dsb_12dualcache_ff5cacheINtB5_11DualCacheFFhtENtNtNtCs6sq8b9ugfBC_4core3ops4drop4Drop4dropCs87BzzW6bcZ0_17integration_tests
FNDA:3,_RNvXs5_NtCs20hiC2j2Dsb_12dualcache_ff5cacheINtB5_11DualCacheFFlINtNtCs8dnTdrJsiec_5alloc3vec3VechEENtNtNtCs6sq8b9ugfBC_4core3ops4drop4Drop4dropCs87BzzW6bcZ0_17integration_tests
FNDA:3,_RNvXs5_NtCs20hiC2j2Dsb_12dualcache_ff5cacheINtB5_11DualCacheFFlNtNtCs8dnTdrJsiec_5alloc6string6StringENtNtNtCs6sq8b9ugfBC_4core3ops4drop4Drop4dropCs87BzzW6bcZ0_17integration_tests
FNDA:13,_RNvXs5_NtCs20hiC2j2Dsb_12dualcache_ff5cacheINtB5_11DualCacheFFllENtNtNtCs6sq8b9ugfBC_4core3ops4drop4Drop4dropCs87BzzW6bcZ0_17integration_tests
FNDA:9,_RNvXs5_NtCs20hiC2j2Dsb_12dualcache_ff5cacheINtB5_11DualCacheFFyyENtNtNtCs6sq8b9ugfBC_4core3ops4drop4Drop4dropCs87BzzW6bcZ0_17integration_tests
FNDA:1,_RINvMs4_NtCs20hiC2j2Dsb_12dualcache_ff5cacheINtB6_11DualCacheFFNtNtCs8dnTdrJsiec_5alloc6string6StringBZ_E12with_hit_bufNCNvB2_10record_hit0uECs87BzzW6bcZ0_17integration_tests
FNDA:1,_RINvMs4_NtCs20hiC2j2Dsb_12dualcache_ff5cacheINtB6_11DualCacheFFNtNtCs8dnTdrJsiec_5alloc6string6StringBZ_E12with_hit_bufNCNvB2_4sync0uECs87BzzW6bcZ0_17integration_tests
FNDA:0,_RINvMs4_NtCs20hiC2j2Dsb_12dualcache_ff5cacheINtB6_11DualCacheFFNtNtCs8dnTdrJsiec_5alloc6string6StringBZ_E14with_l1_filterNCNvB2_6inserts3_0bECs87BzzW6bcZ0_17integration_tests
FNDA:4,_RINvMs4_NtCs20hiC2j2Dsb_12dualcache_ff5cacheINtB6_11DualCacheFFNtNtCs8dnTdrJsiec_5alloc6string6StringBZ_E14with_worker_idNCNvB2_3get0uECs87BzzW6bcZ0_17integration_tests
FNDA:0,_RINvMs4_NtCs20hiC2j2Dsb_12dualcache_ff5cacheINtB6_11DualCacheFFNtNtCs8dnTdrJsiec_5alloc6string6StringBZ_E14with_worker_idNCNvB2_6insert0uECs87BzzW6bcZ0_17integration_tests
FNDA:1,_RINvMs4_NtCs20hiC2j2Dsb_12dualcache_ff5cacheINtB6_11DualCacheFFNtNtCs8dnTdrJsiec_5alloc6string6StringBZ_E14with_worker_idNCNvB2_6inserts6_0uECs87BzzW6bcZ0_17integration_tests
FNDA:0,_RINvMs4_NtCs20hiC2j2Dsb_12dualcache_ff5cacheINtB6_11DualCacheFFNtNtCs8dnTdrJsiec_5alloc6string6StringBZ_E20with_last_flush_tickNCNCNvB2_6inserts6_00uECs87BzzW6bcZ0_17integration_tests
FNDA:1,_RINvMs4_NtCs20hiC2j2Dsb_12dualcache_ff5cacheINtB6_11DualCacheFFNtNtCs8dnTdrJsiec_5alloc6string6StringBZ_E20with_last_flush_tickNCNvB2_6inserts5_0uECs87BzzW6bcZ0_17integration_tests
FNDA:2,_RINvMs4_NtCs20hiC2j2Dsb_12dualcache_ff5cacheINtB6_11DualCacheFFhtE12with_hit_bufNCNvB2_10record_hit0uECs87BzzW6bcZ0_17integration_tests
FNDA:10,_RINvMs4_NtCs20hiC2j2Dsb_12dualcache_ff5cacheINtB6_11DualCacheFFhtE12with_hit_bufNCNvB2_4sync0uECs87BzzW6bcZ0_17integration_tests
FNDA:4,_RINvMs4_NtCs20hiC2j2Dsb_12dualcache_ff5cacheINtB6_11DualCacheFFhtE14with_worker_idNCNvB2_3get0uECs87BzzW6bcZ0_17integration_tests
FNDA:5,_RINvMs4_NtCs20hiC2j2Dsb_12dualcache_ff5cacheINtB6_11DualCacheFFhtE14with_worker_idNCNvB2_6remove0uECs87BzzW6bcZ0_17integration_tests
FNDA:0,_RINvMs4_NtCs20hiC2j2Dsb_12dualcache_ff5cacheINtB6_11DualCacheFFhtE20with_last_flush_tickNCNCNvB2_6remove00uECs87BzzW6bcZ0_17integration_tests
FNDA:8649,_RINvMs4_NtCs20hiC2j2Dsb_12dualcache_ff5cacheINtB6_11DualCacheFFlINtNtCs8dnTdrJsiec_5alloc3vec3VechEE12with_hit_bufNCNvB2_10record_hit0uECs87BzzW6bcZ0_17integration_tests
FNDA:1,_RINvMs4_NtCs20hiC2j2Dsb_12dualcache_ff5cacheINtB6_11DualCacheFFlINtNtCs8dnTdrJsiec_5alloc3vec3VechEE12with_hit_bufNCNvB2_4sync0uECs87BzzW6bcZ0_17integration_tests
FNDA:0,_RINvMs4_NtCs20hiC2j2Dsb_12dualcache_ff5cacheINtB6_11DualCacheFFlINtNtCs8dnTdrJsiec_5alloc3vec3VechEE14with_l1_filterNCNvB2_6inserts3_0bECs87BzzW6bcZ0_17integration_tests
FNDA:10001,_RINvMs4_NtCs20hiC2j2Dsb_12dualcache_ff5cacheINtB6_11DualCacheFFlINtNtCs8dnTdrJsiec_5alloc3vec3VechEE14with_worker_idNCNvB2_3get0uECs87BzzW6bcZ0_17integration_tests
FNDA:0,_RINvMs4_NtCs20hiC2j2Dsb_12dualcache_ff5cacheINtB6_11DualCacheFFlINtNtCs8dnTdrJsiec_5alloc3vec3VechEE14with_worker_idNCNvB2_6insert0uECs87BzzW6bcZ0_17integration_tests
FNDA:2001,_RINvMs4_NtCs20hiC2j2Dsb_12dualcache_ff5cacheINtB6_11DualCacheFFlINtNtCs8dnTdrJsiec_5alloc3vec3VechEE14with_worker_idNCNvB2_6inserts6_0uECs87BzzW6bcZ0_17integration_tests
FNDA:63,_RINvMs4_NtCs20hiC2j2Dsb_12dualcache_ff5cacheINtB6_11DualCacheFFlINtNtCs8dnTdrJsiec_5alloc3vec3VechEE20with_last_flush_tickNCNCNvB2_6inserts6_00uECs87BzzW6bcZ0_17integration_tests
FNDA:2001,_RINvMs4_NtCs20hiC2j2Dsb_12dualcache_ff5cacheINtB6_11DualCacheFFlINtNtCs8dnTdrJsiec_5alloc3vec3VechEE20with_last_flush_tickNCNvB2_6inserts5_0uECs87BzzW6bcZ0_17integration_tests
FNDA:11,_RINvMs4_NtCs20hiC2j2Dsb_12dualcache_ff5cacheINtB6_11DualCacheFFlNtNtCs8dnTdrJsiec_5alloc6string6StringE12with_hit_bufNCNvB2_10record_hit0uECs87BzzW6bcZ0_17integration_tests
FNDA:2,_RINvMs4_NtCs20hiC2j2Dsb_12dualcache_ff5cacheINtB6_11DualCacheFFlNtNtCs8dnTdrJsiec_5alloc6string6StringE12with_hit_bufNCNvB2_4sync0uECs87BzzW6bcZ0_17integration_tests
FNDA:584008,_RINvMs4_NtCs20hiC2j2Dsb_12dualcache_ff5cacheINtB6_11DualCacheFFlNtNtCs8dnTdrJsiec_5alloc6string6StringE14with_l1_filterNCNvB2_6inserts3_0bECs87BzzW6bcZ0_17integration_tests
FNDA:2002,_RINvMs4_NtCs20hiC2j2Dsb_12dualcache_ff5cacheINtB6_11DualCacheFFlNtNtCs8dnTdrJsiec_5alloc6string6StringE14with_worker_idNCNvB2_3get0uECs87BzzW6bcZ0_17integration_tests
FNDA:584011,_RINvMs4_NtCs20hiC2j2Dsb_12dualcache_ff5cacheINtB6_11DualCacheFFlNtNtCs8dnTdrJsiec_5alloc6string6StringE14with_worker_idNCNvB2_6insert0uECs87BzzW6bcZ0_17integration_tests
FNDA:2357060,_RINvMs4_NtCs20hiC2j2Dsb_12dualcache_ff5cacheINtB6_11DualCacheFFlNtNtCs8dnTdrJsiec_5alloc6string6StringE14with_worker_idNCNvB2_6inserts6_0uECs87BzzW6bcZ0_17integration_tests
FNDA:1,_RINvMs4_NtCs20hiC2j2Dsb_12dualcache_ff5cacheINtB6_11DualCacheFFlNtNtCs8dnTdrJsiec_5alloc6string6StringE14with_worker_idNCNvB2_6remove0uECs87BzzW6bcZ0_17integration_tests
FNDA:73658,_RINvMs4_NtCs20hiC2j2Dsb_12dualcache_ff5cacheINtB6_11DualCacheFFlNtNtCs8dnTdrJsiec_5alloc6string6StringE20with_last_flush_tickNCNCNvB2_6inserts6_00uECs87BzzW6bcZ0_17integration_tests
FNDA:0,_RINvMs4_NtCs20hiC2j2Dsb_12dualcache_ff5cacheINtB6_11DualCacheFFlNtNtCs8dnTdrJsiec_5alloc6string6StringE20with_last_flush_tickNCNCNvB2_6remove00uECs87BzzW6bcZ0_17integration_tests
FNDA:2357060,_RINvMs4_NtCs20hiC2j2Dsb_12dualcache_ff5cacheINtB6_11DualCacheFFlNtNtCs8dnTdrJsiec_5alloc6string6StringE20with_last_flush_tickNCNvB2_6inserts5_0uECs87BzzW6bcZ0_17integration_tests
FNDA:8102,_RINvMs4_NtCs20hiC2j2Dsb_12dualcache_ff5cacheINtB6_11DualCacheFFllE12with_hit_bufNCNvB2_10record_hit0uECs87BzzW6bcZ0_17integration_tests
FNDA:10,_RINvMs4_NtCs20hiC2j2Dsb_12dualcache_ff5cacheINtB6_11DualCacheFFllE12with_hit_bufNCNvB2_4sync0uECs87BzzW6bcZ0_17integration_tests
FNDA:3565,_RINvMs4_NtCs20hiC2j2Dsb_12dualcache_ff5cacheINtB6_11DualCacheFFllE14with_l1_filterNCNvB2_6inserts3_0bECs87BzzW6bcZ0_17integration_tests
FNDA:9079,_RINvMs4_NtCs20hiC2j2Dsb_12dualcache_ff5cacheINtB6_11DualCacheFFllE14with_worker_idNCNvB2_3get0uECs87BzzW6bcZ0_17integration_tests
FNDA:3565,_RINvMs4_NtCs20hiC2j2Dsb_12dualcache_ff5cacheINtB6_11DualCacheFFllE14with_worker_idNCNvB2_6insert0uECs87BzzW6bcZ0_17integration_tests
FNDA:120874,_RINvMs4_NtCs20hiC2j2Dsb_12dualcache_ff5cacheINtB6_11DualCacheFFllE14with_worker_idNCNvB2_6inserts6_0uECs87BzzW6bcZ0_17integration_tests
FNDA:1004,_RINvMs4_NtCs20hiC2j2Dsb_12dualcache_ff5cacheINtB6_11DualCacheFFllE14with_worker_idNCNvB2_6remove0uECs87BzzW6bcZ0_17integration_tests
FNDA:3035,_RINvMs4_NtCs20hiC2j2Dsb_12dualcache_ff5cacheINtB6_11DualCacheFFllE20with_last_flush_tickNCNCNvB2_6inserts6_00uECs87BzzW6bcZ0_17integration_tests
FNDA:1004,_RINvMs4_NtCs20hiC2j2Dsb_12dualcache_ff5cacheINtB6_11DualCacheFFllE20with_last_flush_tickNCNCNvB2_6remove00uECs87BzzW6bcZ0_17integration_tests
FNDA:120874,_RINvMs4_NtCs20hiC2j2Dsb_12dualcache_ff5cacheINtB6_11DualCacheFFllE20with_last_flush_tickNCNvB2_6inserts5_0uECs87BzzW6bcZ0_17integration_tests
FNDA:67,_RINvMs4_NtCs20hiC2j2Dsb_12dualcache_ff5cacheINtB6_11DualCacheFFyyE12with_hit_bufNCNvB2_10record_hit0uECs87BzzW6bcZ0_17integration_tests
FNDA:7,_RINvMs4_NtCs20hiC2j2Dsb_12dualcache_ff5cacheINtB6_11DualCacheFFyyE12with_hit_bufNCNvB2_4sync0uECs87BzzW6bcZ0_17integration_tests
FNDA:1,_RINvMs4_NtCs20hiC2j2Dsb_12dualcache_ff5cacheINtB6_11DualCacheFFyyE14with_l1_filterNCNvB2_6inserts3_0bECs87BzzW6bcZ0_17integration_tests
FNDA:8568,_RINvMs4_NtCs20hiC2j2Dsb_12dualcache_ff5cacheINtB6_11DualCacheFFyyE14with_worker_idNCNvB2_3get0uECs87BzzW6bcZ0_17integration_tests
FNDA:1,_RINvMs4_NtCs20hiC2j2Dsb_12dualcache_ff5cacheINtB6_11DualCacheFFyyE14with_worker_idNCNvB2_6insert0uECs87BzzW6bcZ0_17integration_tests
FNDA:3407,_RINvMs4_NtCs20hiC2j2Dsb_12dualcache_ff5cacheINtB6_11DualCacheFFyyE14with_worker_idNCNvB2_6inserts6_0uECs87BzzW6bcZ0_17integration_tests
FNDA:1,_RINvMs4_NtCs20hiC2j2Dsb_12dualcache_ff5cacheINtB6_11DualCacheFFyyE14with_worker_idNCNvB2_6remove0uECs87BzzW6bcZ0_17integration_tests
FNDA:56,_RINvMs4_NtCs20hiC2j2Dsb_12dualcache_ff5cacheINtB6_11DualCacheFFyyE20with_last_flush_tickNCNCNvB2_6inserts6_00uECs87BzzW6bcZ0_17integration_tests
FNDA:1,_RINvMs4_NtCs20hiC2j2Dsb_12dualcache_ff5cacheINtB6_11DualCacheFFyyE20with_last_flush_tickNCNCNvB2_6remove00uECs87BzzW6bcZ0_17integration_tests
FNDA:3407,_RINvMs4_NtCs20hiC2j2Dsb_12dualcache_ff5cacheINtB6_11DualCacheFFyyE20with_last_flush_tickNCNvB2_6inserts5_0uECs87BzzW6bcZ0_17integration_tests
FNDA:0,_RNCNCNvMs4_NtCs20hiC2j2Dsb_12dualcache_ff5cacheINtB9_11DualCacheFFNtNtCs8dnTdrJsiec_5alloc6string6StringB12_E6inserts6_00Cs87BzzW6bcZ0_17integration_tests
FNDA:0,_RNCNCNvMs4_NtCs20hiC2j2Dsb_12dualcache_ff5cacheINtB9_11DualCacheFFhtE6remove00Cs87BzzW6bcZ0_17integration_tests
FNDA:63,_RNCNCNvMs4_NtCs20hiC2j2Dsb_12dualcache_ff5cacheINtB9_11DualCacheFFlINtNtCs8dnTdrJsiec_5alloc3vec3VechEE6inserts6_00Cs87BzzW6bcZ0_17integration_tests
FNDA:73658,_RNCNCNvMs4_NtCs20hiC2j2Dsb_12dualcache_ff5cacheINtB9_11DualCacheFFlNtNtCs8dnTdrJsiec_5alloc6string6StringE6inserts6_00Cs87BzzW6bcZ0_17integration_tests
FNDA:0,_RNCNCNvMs4_NtCs20hiC2j2Dsb_12dualcache_ff5cacheINtB9_11DualCacheFFlNtNtCs8dnTdrJsiec_5alloc6string6StringE6remove00Cs87BzzW6bcZ0_17integration_tests
FNDA:3035,_RNCNCNvMs4_NtCs20hiC2j2Dsb_12dualcache_ff5cacheINtB9_11DualCacheFFllE6inserts6_00Cs87BzzW6bcZ0_17integration_tests
FNDA:1004,_RNCNCNvMs4_NtCs20hiC2j2Dsb_12dualcache_ff5cacheINtB9_11DualCacheFFllE6remove00Cs87BzzW6bcZ0_17integration_tests
FNDA:56,_RNCNCNvMs4_NtCs20hiC2j2Dsb_12dualcache_ff5cacheINtB9_11DualCacheFFyyE6inserts6_00Cs87BzzW6bcZ0_17integration_tests
FNDA:1,_RNCNCNvMs4_NtCs20hiC2j2Dsb_12dualcache_ff5cacheINtB9_11DualCacheFFyyE6remove00Cs87BzzW6bcZ0_17integration_tests
FNDA:1,_RNCNvMs1_NtCs20hiC2j2Dsb_12dualcache_ff5cacheINtB7_11DualCacheFFNtNtCs8dnTdrJsiec_5alloc6string6StringB10_E16new_with_spawner0Cs87BzzW6bcZ0_17integration_tests
FNDA:10,_RNCNvMs1_NtCs20hiC2j2Dsb_12dualcache_ff5cacheINtB7_11DualCacheFFhtE16new_with_spawner0Cs87BzzW6bcZ0_17integration_tests
FNDA:2,_RNCNvMs1_NtCs20hiC2j2Dsb_12dualcache_ff5cacheINtB7_11DualCacheFFlINtNtCs8dnTdrJsiec_5alloc3vec3VechEE16new_with_spawner0Cs87BzzW6bcZ0_17integration_tests
FNDA:1,_RNCNvMs1_NtCs20hiC2j2Dsb_12dualcache_ff5cacheINtB7_11DualCacheFFlNtNtCs8dnTdrJsiec_5alloc6string6StringE16new_with_spawner0Cs87BzzW6bcZ0_17integration_tests
FNDA:8,_RNCNvMs1_NtCs20hiC2j2Dsb_12dualcache_ff5cacheINtB7_11DualCacheFFllE16new_with_spawner0Cs87BzzW6bcZ0_17integration_tests
FNDA:3,_RNCNvMs1_NtCs20hiC2j2Dsb_12dualcache_ff5cacheINtB7_11DualCacheFFyyE16new_with_spawner0Cs87BzzW6bcZ0_17integration_tests
FNDA:1,_RNCNvMs3_NtCs20hiC2j2Dsb_12dualcache_ff5cacheINtB7_11DualCacheFFyyE24new_with_tls_and_spawner0Cs87BzzW6bcZ0_17integration_tests
FNDA:1,_RNCNvMs4_NtCs20hiC2j2Dsb_12dualcache_ff5cacheINtB7_11DualCacheFFNtNtCs8dnTdrJsiec_5alloc6string6StringB10_E10record_hit0Cs87BzzW6bcZ0_17integration_tests
FNDA:4,_RNCNvMs4_NtCs20hiC2j2Dsb_12dualcache_ff5cacheINtB7_11DualCacheFFNtNtCs8dnTdrJsiec_5alloc6string6StringB10_E3get0Cs87BzzW6bcZ0_17integration_tests
FNDA:1,_RNCNvMs4_NtCs20hiC2j2Dsb_12dualcache_ff5cacheINtB7_11DualCacheFFNtNtCs8dnTdrJsiec_5alloc6string6StringB10_E3gets0_0Cs87BzzW6bcZ0_17integration_tests
FNDA:1,_RNCNvMs4_NtCs20hiC2j2Dsb_12dualcache_ff5cacheINtB7_11DualCacheFFNtNtCs8dnTdrJsiec_5alloc6string6StringB10_E3gets_0Cs87BzzW6bcZ0_17integration_tests
FNDA:1,_RNCNvMs4_NtCs20hiC2j2Dsb_12dualcache_ff5cacheINtB7_11DualCacheFFNtNtCs8dnTdrJsiec_5alloc6string6StringB10_E4sync0Cs87BzzW6bcZ0_17integration_tests
FNDA:0,_RNCNvMs4_NtCs20hiC2j2Dsb_12dualcache_ff5cacheINtB7_11DualCacheFFNtNtCs8dnTdrJsiec_5alloc6string6StringB10_E6insert0Cs87BzzW6bcZ0_17integration_tests
FNDA:0,_RNCNvMs4_NtCs20hiC2j2Dsb_12dualcache_ff5cacheINtB7_11DualCacheFFNtNtCs8dnTdrJsiec_5alloc6string6StringB10_E6inserts0_0Cs87BzzW6bcZ0_17integration_tests
FNDA:0,_RNCNvMs4_NtCs20hiC2j2Dsb_12dualcache_ff5cacheINtB7_11DualCacheFFNtNtCs8dnTdrJsiec_5alloc6string6StringB10_E6inserts1_0Cs87BzzW6bcZ0_17integration_tests
FNDA:0,_RNCNvMs4_NtCs20hiC2j2Dsb_12dualcache_ff5cacheINtB7_11DualCacheFFNtNtCs8dnTdrJsiec_5alloc6string6StringB10_E6inserts2_0Cs87BzzW6bcZ0_17integration_tests
FNDA:0,_RNCNvMs4_NtCs20hiC2j2Dsb_12dualcache_ff5cacheINtB7_11DualCacheFFNtNtCs8dnTdrJsiec_5alloc6string6StringB10_E6inserts3_0Cs87BzzW6bcZ0_17integration_tests
FNDA:1,_RNCNvMs4_NtCs20hiC2j2Dsb_12dualcache_ff5cacheINtB7_11DualCacheFFNtNtCs8dnTdrJsiec_5alloc6string6StringB10_E6inserts4_0Cs87BzzW6bcZ0_17integration_tests
FNDA:1,_RNCNvMs4_NtCs20hiC2j2Dsb_12dualcache_ff5cacheINtB7_11DualCacheFFNtNtCs8dnTdrJsiec_5alloc6string6StringB10_E6inserts5_0Cs87BzzW6bcZ0_17integration_tests
FNDA:1,_RNCNvMs4_NtCs20hiC2j2Dsb_12dualcache_ff5cacheINtB7_11DualCacheFFNtNtCs8dnTdrJsiec_5alloc6string6StringB10_E6inserts6_0Cs87BzzW6bcZ0_17integration_tests
FNDA:0,_RNCNvMs4_NtCs20hiC2j2Dsb_12dualcache_ff5cacheINtB7_11DualCacheFFNtNtCs8dnTdrJsiec_5alloc6string6StringB10_E6inserts_0Cs87BzzW6bcZ0_17integration_tests
FNDA:2,_RNCNvMs4_NtCs20hiC2j2Dsb_12dualcache_ff5cacheINtB7_11DualCacheFFhtE10record_hit0Cs87BzzW6bcZ0_17integration_tests
FNDA:4,_RNCNvMs4_NtCs20hiC2j2Dsb_12dualcache_ff5cacheINtB7_11DualCacheFFhtE3get0Cs87BzzW6bcZ0_17integration_tests
FNDA:0,_RNCNvMs4_NtCs20hiC2j2Dsb_12dualcache_ff5cacheINtB7_11DualCacheFFhtE3gets0_0Cs87BzzW6bcZ0_17integration_tests
FNDA:2,_RNCNvMs4_NtCs20hiC2j2Dsb_12dualcache_ff5cacheINtB7_11DualCacheFFhtE3gets_0Cs87BzzW6bcZ0_17integration_tests
FNDA:10,_RNCNvMs4_NtCs20hiC2j2Dsb_12dualcache_ff5cacheINtB7_11DualCacheFFhtE4sync0Cs87BzzW6bcZ0_17integration_tests
FNDA:5,_RNCNvMs4_NtCs20hiC2j2Dsb_12dualcache_ff5cacheINtB7_11DualCacheFFhtE6remove0Cs87BzzW6bcZ0_17integration_tests
FNDA:8649,_RNCNvMs4_NtCs20hiC2j2Dsb_12dualcache_ff5cacheINtB7_11DualCacheFFlINtNtCs8dnTdrJsiec_5alloc3vec3VechEE10record_hit0Cs87BzzW6bcZ0_17integration_tests
FNDA:10001,_RNCNvMs4_NtCs20hiC2j2Dsb_12dualcache_ff5cacheINtB7_11DualCacheFFlINtNtCs8dnTdrJsiec_5alloc3vec3VechEE3get0Cs87BzzW6bcZ0_17integration_tests
FNDA:8152,_RNCNvMs4_NtCs20hiC2j2Dsb_12dualcache_ff5cacheINtB7_11DualCacheFFlINtNtCs8dnTdrJsiec_5alloc3vec3VechEE3gets0_0Cs87BzzW6bcZ0_17integration_tests
FNDA:497,_RNCNvMs4_NtCs20hiC2j2Dsb_12dualcache_ff5cacheINtB7_11DualCacheFFlINtNtCs8dnTdrJsiec_5alloc3vec3VechEE3gets_0Cs87BzzW6bcZ0_17integration_tests
FNDA:1,_RNCNvMs4_NtCs20hiC2j2Dsb_12dualcache_ff5cacheINtB7_11DualCacheFFlINtNtCs8dnTdrJsiec_5alloc3vec3VechEE4sync0Cs87BzzW6bcZ0_17integration_tests
FNDA:0,_RNCNvMs4_NtCs20hiC2j2Dsb_12dualcache_ff5cacheINtB7_11DualCacheFFlINtNtCs8dnTdrJsiec_5alloc3vec3VechEE6insert0Cs87BzzW6bcZ0_17integration_tests
FNDA:0,_RNCNvMs4_NtCs20hiC2j2Dsb_12dualcache_ff5cacheINtB7_11DualCacheFFlINtNtCs8dnTdrJsiec_5alloc3vec3VechEE6inserts0_0Cs87BzzW6bcZ0_17integration_tests
FNDA:0,_RNCNvMs4_NtCs20hiC2j2Dsb_12dualcache_ff5cacheINtB7_11DualCacheFFlINtNtCs8dnTdrJsiec_5alloc3vec3VechEE6inserts1_0Cs87BzzW6bcZ0_17integration_tests
FNDA:0,_RNCNvMs4_NtCs20hiC2j2Dsb_12dualcache_ff5cacheINtB7_11DualCacheFFlINtNtCs8dnTdrJsiec_5alloc3vec3VechEE6inserts2_0Cs87BzzW6bcZ0_17integration_tests
FNDA:0,_RNCNvMs4_NtCs20hiC2j2Dsb_12dualcache_ff5cacheINtB7_11DualCacheFFlINtNtCs8dnTdrJsiec_5alloc3vec3VechEE6inserts3_0Cs87BzzW6bcZ0_17integration_tests
FNDA:2001,_RNCNvMs4_NtCs20hiC2j2Dsb_12dualcache_ff5cacheINtB7_11DualCacheFFlINtNtCs8dnTdrJsiec_5alloc3vec3VechEE6inserts4_0Cs87BzzW6bcZ0_17integration_tests
FNDA:2001,_RNCNvMs4_NtCs20hiC2j2Dsb_12dualcache_ff5cacheINtB7_11DualCacheFFlINtNtCs8dnTdrJsiec_5alloc3vec3VechEE6inserts5_0Cs87BzzW6bcZ0_17integration_tests
FNDA:2001,_RNCNvMs4_NtCs20hiC2j2Dsb_12dualcache_ff5cacheINtB7_11DualCacheFFlINtNtCs8dnTdrJsiec_5alloc3vec3VechEE6inserts6_0Cs87BzzW6bcZ0_17integration_tests
FNDA:0,_RNCNvMs4_NtCs20hiC2j2Dsb_12dualcache_ff5cacheINtB7_11DualCacheFFlINtNtCs8dnTdrJsiec_5alloc3vec3VechEE6inserts_0Cs87BzzW6bcZ0_17integration_tests
FNDA:11,_RNCNvMs4_NtCs20hiC2j2Dsb_12dualcache_ff5cacheINtB7_11DualCacheFFlNtNtCs8dnTdrJsiec_5alloc6string6StringE10record_hit0Cs87BzzW6bcZ0_17integration_tests
FNDA:2002,_RNCNvMs4_NtCs20hiC2j2Dsb_12dualcache_ff5cacheINtB7_11DualCacheFFlNtNtCs8dnTdrJsiec_5alloc6string6StringE3get0Cs87BzzW6bcZ0_17integration_tests
FNDA:7,_RNCNvMs4_NtCs20hiC2j2Dsb_12dualcache_ff5cacheINtB7_11DualCacheFFlNtNtCs8dnTdrJsiec_5alloc6string6StringE3gets0_0Cs87BzzW6bcZ0_17integration_tests
FNDA:4,_RNCNvMs4_NtCs20hiC2j2Dsb_12dualcache_ff5cacheINtB7_11DualCacheFFlNtNtCs8dnTdrJsiec_5alloc6string6StringE3gets_0Cs87BzzW6bcZ0_17integration_tests
FNDA:2,_RNCNvMs4_NtCs20hiC2j2Dsb_12dualcache_ff5cacheINtB7_11DualCacheFFlNtNtCs8dnTdrJsiec_5alloc6string6StringE4sync0Cs87BzzW6bcZ0_17integration_tests
FNDA:584011,_RNCNvMs4_NtCs20hiC2j2Dsb_12dualcache_ff5cacheINtB7_11DualCacheFFlNtNtCs8dnTdrJsiec_5alloc6string6StringE6insert0Cs87BzzW6bcZ0_17integration_tests
FNDA:0,_RNCNvMs4_NtCs20hiC2j2Dsb_12dualcache_ff5cacheINtB7_11DualCacheFFlNtNtCs8dnTdrJsiec_5alloc6string6StringE6inserts0_0Cs87BzzW6bcZ0_17integration_tests
FNDA:24,_RNCNvMs4_NtCs20hiC2j2Dsb_12dualcache_ff5cacheINtB7_11DualCacheFFlNtNtCs8dnTdrJsiec_5alloc6string6StringE6inserts1_0Cs87BzzW6bcZ0_17integration_tests
FNDA:24,_RNCNvMs4_NtCs20hiC2j2Dsb_12dualcache_ff5cacheINtB7_11DualCacheFFlNtNtCs8dnTdrJsiec_5alloc6string6StringE6inserts2_0Cs87BzzW6bcZ0_17integration_tests
FNDA:584008,_RNCNvMs4_NtCs20hiC2j2Dsb_12dualcache_ff5cacheINtB7_11DualCacheFFlNtNtCs8dnTdrJsiec_5alloc6string6StringE6inserts3_0Cs87BzzW6bcZ0_17integration_tests
FNDA:2357060,_RNCNvMs4_NtCs20hiC2j2Dsb_12dualcache_ff5cacheINtB7_11DualCacheFFlNtNtCs8dnTdrJsiec_5alloc6string6StringE6inserts4_0Cs87BzzW6bcZ0_17integration_tests
FNDA:2357060,_RNCNvMs4_NtCs20hiC2j2Dsb_12dualcache_ff5cacheINtB7_11DualCacheFFlNtNtCs8dnTdrJsiec_5alloc6string6StringE6inserts5_0Cs87BzzW6bcZ0_17integration_tests
FNDA:2357060,_RNCNvMs4_NtCs20hiC2j2Dsb_12dualcache_ff5cacheINtB7_11DualCacheFFlNtNtCs8dnTdrJsiec_5alloc6string6StringE6inserts6_0Cs87BzzW6bcZ0_17integration_tests
FNDA:569179,_RNCNvMs4_NtCs20hiC2j2Dsb_12dualcache_ff5cacheINtB7_11DualCacheFFlNtNtCs8dnTdrJsiec_5alloc6string6StringE6inserts_0Cs87BzzW6bcZ0_17integration_tests
FNDA:1,_RNCNvMs4_NtCs20hiC2j2Dsb_12dualcache_ff5cacheINtB7_11DualCacheFFlNtNtCs8dnTdrJsiec_5alloc6string6StringE6remove0Cs87BzzW6bcZ0_17integration_tests
FNDA:8102,_RNCNvMs4_NtCs20hiC2j2Dsb_12dualcache_ff5cacheINtB7_11DualCacheFFllE10record_hit0Cs87BzzW6bcZ0_17integration_tests
FNDA:9079,_RNCNvMs4_NtCs20hiC2j2Dsb_12dualcache_ff5cacheINtB7_11DualCacheFFllE3get0Cs87BzzW6bcZ0_17integration_tests
FNDA:7893,_RNCNvMs4_NtCs20hiC2j2Dsb_12dualcache_ff5cacheINtB7_11DualCacheFFllE3gets0_0Cs87BzzW6bcZ0_17integration_tests
FNDA:209,_RNCNvMs4_NtCs20hiC2j2Dsb_12dualcache_ff5cacheINtB7_11DualCacheFFllE3gets_0Cs87BzzW6bcZ0_17integration_tests
FNDA:10,_RNCNvMs4_NtCs20hiC2j2Dsb_12dualcache_ff5cacheINtB7_11DualCacheFFllE4sync0Cs87BzzW6bcZ0_17integration_tests
FNDA:3565,_RNCNvMs4_NtCs20hiC2j2Dsb_12dualcache_ff5cacheINtB7_11DualCacheFFllE6insert0Cs87BzzW6bcZ0_17integration_tests
FNDA:0,_RNCNvMs4_NtCs20hiC2j2Dsb_12dualcache_ff5cacheINtB7_11DualCacheFFllE6inserts0_0Cs87BzzW6bcZ0_17integration_tests
FNDA:0,_RNCNvMs4_NtCs20hiC2j2Dsb_12dualcache_ff5cacheINtB7_11DualCacheFFllE6inserts1_0Cs87BzzW6bcZ0_17integration_tests
FNDA:0,_RNCNvMs4_NtCs20hiC2j2Dsb_12dualcache_ff5cacheINtB7_11DualCacheFFllE6inserts2_0Cs87BzzW6bcZ0_17integration_tests
FNDA:3565,_RNCNvMs4_NtCs20hiC2j2Dsb_12dualcache_ff5cacheINtB7_11DualCacheFFllE6inserts3_0Cs87BzzW6bcZ0_17integration_tests
FNDA:120874,_RNCNvMs4_NtCs20hiC2j2Dsb_12dualcache_ff5cacheINtB7_11DualCacheFFllE6inserts4_0Cs87BzzW6bcZ0_17integration_tests
FNDA:120874,_RNCNvMs4_NtCs20hiC2j2Dsb_12dualcache_ff5cacheINtB7_11DualCacheFFllE6inserts5_0Cs87BzzW6bcZ0_17integration_tests
FNDA:120874,_RNCNvMs4_NtCs20hiC2j2Dsb_12dualcache_ff5cacheINtB7_11DualCacheFFllE6inserts6_0Cs87BzzW6bcZ0_17integration_tests
FNDA:3048,_RNCNvMs4_NtCs20hiC2j2Dsb_12dualcache_ff5cacheINtB7_11DualCacheFFllE6inserts_0Cs87BzzW6bcZ0_17integration_tests
FNDA:1004,_RNCNvMs4_NtCs20hiC2j2Dsb_12dualcache_ff5cacheINtB7_11DualCacheFFllE6remove0Cs87BzzW6bcZ0_17integration_tests
FNDA:67,_RNCNvMs4_NtCs20hiC2j2Dsb_12dualcache_ff5cacheINtB7_11DualCacheFFyyE10record_hit0Cs87BzzW6bcZ0_17integration_tests
FNDA:8568,_RNCNvMs4_NtCs20hiC2j2Dsb_12dualcache_ff5cacheINtB7_11DualCacheFFyyE3get0Cs87BzzW6bcZ0_17integration_tests
FNDA:0,_RNCNvMs4_NtCs20hiC2j2Dsb_12dualcache_ff5cacheINtB7_11DualCacheFFyyE3gets0_0Cs87BzzW6bcZ0_17integration_tests
FNDA:66,_RNCNvMs4_NtCs20hiC2j2Dsb_12dualcache_ff5cacheINtB7_11DualCacheFFyyE3gets_0Cs87BzzW6bcZ0_17integration_tests
FNDA:7,_RNCNvMs4_NtCs20hiC2j2Dsb_12dualcache_ff5cacheINtB7_11DualCacheFFyyE4sync0Cs87BzzW6bcZ0_17integration_tests
FNDA:1,_RNCNvMs4_NtCs20hiC2j2Dsb_12dualcache_ff5cacheINtB7_11DualCacheFFyyE6insert0Cs87BzzW6bcZ0_17integration_tests
FNDA:0,_RNCNvMs4_NtCs20hiC2j2Dsb_12dualcache_ff5cacheINtB7_11DualCacheFFyyE6inserts0_0Cs87BzzW6bcZ0_17integration_tests
FNDA:0,_RNCNvMs4_NtCs20hiC2j2Dsb_12dualcache_ff5cacheINtB7_11DualCacheFFyyE6inserts1_0Cs87BzzW6bcZ0_17integration_tests
FNDA:0,_RNCNvMs4_NtCs20hiC2j2Dsb_12dualcache_ff5cacheINtB7_11DualCacheFFyyE6inserts2_0Cs87BzzW6bcZ0_17integration_tests
FNDA:1,_RNCNvMs4_NtCs20hiC2j2Dsb_12dualcache_ff5cacheINtB7_11DualCacheFFyyE6inserts3_0Cs87BzzW6bcZ0_17integration_tests
FNDA:3407,_RNCNvMs4_NtCs20hiC2j2Dsb_12dualcache_ff5cacheINtB7_11DualCacheFFyyE6inserts4_0Cs87BzzW6bcZ0_17integration_tests
FNDA:3407,_RNCNvMs4_NtCs20hiC2j2Dsb_12dualcache_ff5cacheINtB7_11DualCacheFFyyE6inserts5_0Cs87BzzW6bcZ0_17integration_tests
FNDA:3407,_RNCNvMs4_NtCs20hiC2j2Dsb_12dualcache_ff5cacheINtB7_11DualCacheFFyyE6inserts6_0Cs87BzzW6bcZ0_17integration_tests
FNDA:0,_RNCNvMs4_NtCs20hiC2j2Dsb_12dualcache_ff5cacheINtB7_11DualCacheFFyyE6inserts_0Cs87BzzW6bcZ0_17integration_tests
FNDA:1,_RNCNvMs4_NtCs20hiC2j2Dsb_12dualcache_ff5cacheINtB7_11DualCacheFFyyE6remove0Cs87BzzW6bcZ0_17integration_tests
FNDA:1,_RNvMs0_NtCs20hiC2j2Dsb_12dualcache_ff5cacheINtB5_11DualCacheFFyyE12new_with_tlsCs87BzzW6bcZ0_17integration_tests
FNDA:1,_RNvMs1_NtCs20hiC2j2Dsb_12dualcache_ff5cacheINtB5_11DualCacheFFNtNtCs8dnTdrJsiec_5alloc6string6StringBY_E12new_headlessCs87BzzW6bcZ0_17integration_tests
FNDA:1,_RNvMs1_NtCs20hiC2j2Dsb_12dualcache_ff5cacheINtB5_11DualCacheFFNtNtCs8dnTdrJsiec_5alloc6string6StringBY_E16new_with_spawnerCs87BzzW6bcZ0_17integration_tests
FNDA:10,_RNvMs1_NtCs20hiC2j2Dsb_12dualcache_ff5cacheINtB5_11DualCacheFFhtE12new_headlessCs87BzzW6bcZ0_17integration_tests
FNDA:10,_RNvMs1_NtCs20hiC2j2Dsb_12dualcache_ff5cacheINtB5_11DualCacheFFhtE16new_with_spawnerCs87BzzW6bcZ0_17integration_tests
FNDA:3,_RNvMs1_NtCs20hiC2j2Dsb_12dualcache_ff5cacheINtB5_11DualCacheFFlINtNtCs8dnTdrJsiec_5alloc3vec3VechEE12new_headlessCs87BzzW6bcZ0_17integration_tests
FNDA:2,_RNvMs1_NtCs20hiC2j2Dsb_12dualcache_ff5cacheINtB5_11DualCacheFFlINtNtCs8dnTdrJsiec_5alloc3vec3VechEE16new_with_spawnerCs87BzzW6bcZ0_17integration_tests
FNDA:2,_RNvMs1_NtCs20hiC2j2Dsb_12dualcache_ff5cacheINtB5_11DualCacheFFlNtNtCs8dnTdrJsiec_5alloc6string6StringE12new_headlessCs87BzzW6bcZ0_17integration_tests
FNDA:1,_RNvMs1_NtCs20hiC2j2Dsb_12dualcache_ff5cacheINtB5_11DualCacheFFlNtNtCs8dnTdrJsiec_5alloc6string6StringE16new_with_spawnerCs87BzzW6bcZ0_17integration_tests
FNDA:9,_RNvMs1_NtCs20hiC2j2Dsb_12dualcache_ff5cacheINtB5_11DualCacheFFllE12new_headlessCs87BzzW6bcZ0_17integration_tests
FNDA:8,_RNvMs1_NtCs20hiC2j2Dsb_12dualcache_ff5cacheINtB5_11DualCacheFFllE16new_with_spawnerCs87BzzW6bcZ0_17integration_tests
FNDA:7,_RNvMs1_NtCs20hiC2j2Dsb_12dualcache_ff5cacheINtB5_11DualCacheFFyyE12new_headlessCs87BzzW6bcZ0_17integration_tests
FNDA:3,_RNvMs1_NtCs20hiC2j2Dsb_12dualcache_ff5cacheINtB5_11DualCacheFFyyE16new_with_spawnerCs87BzzW6bcZ0_17integration_tests
FNDA:1,_RNvMs3_NtCs20hiC2j2Dsb_12dualcache_ff5cacheINtB5_11DualCacheFFNtNtCs8dnTdrJsiec_5alloc6string6StringBY_E21new_headless_with_tlsCs87BzzW6bcZ0_17integration_tests
FNDA:10,_RNvMs3_NtCs20hiC2j2Dsb_12dualcache_ff5cacheINtB5_11DualCacheFFhtE21new_headless_with_tlsCs87BzzW6bcZ0_17integration_tests
FNDA:3,_RNvMs3_NtCs20hiC2j2Dsb_12dualcache_ff5cacheINtB5_11DualCacheFFlINtNtCs8dnTdrJsiec_5alloc3vec3VechEE21new_headless_with_tlsCs87BzzW6bcZ0_17integration_tests
FNDA:2,_RNvMs3_NtCs20hiC2j2Dsb_12dualcache_ff5cacheINtB5_11DualCacheFFlNtNtCs8dnTdrJsiec_5alloc6string6StringE21new_headless_with_tlsCs87BzzW6bcZ0_17integration_tests
FNDA:9,_RNvMs3_NtCs20hiC2j2Dsb_12dualcache_ff5cacheINtB5_11DualCacheFFllE21new_headless_with_tlsCs87BzzW6bcZ0_17integration_tests
FNDA:8,_RNvMs3_NtCs20hiC2j2Dsb_12dualcache_ff5cacheINtB5_11DualCacheFFyyE21new_headless_with_tlsCs87BzzW6bcZ0_17integration_tests
FNDA:1,_RNvMs3_NtCs20hiC2j2Dsb_12dualcache_ff5cacheINtB5_11DualCacheFFyyE24new_with_tls_and_spawnerCs87BzzW6bcZ0_17integration_tests
FNDA:1,_RNvMs4_NtCs20hiC2j2Dsb_12dualcache_ff5cacheINtB5_11DualCacheFFNtNtCs8dnTdrJsiec_5alloc6string6StringBY_E10record_hitCs87BzzW6bcZ0_17integration_tests
FNDA:1,_RNvMs4_NtCs20hiC2j2Dsb_12dualcache_ff5cacheINtB5_11DualCacheFFNtNtCs8dnTdrJsiec_5alloc6string6StringBY_E24begin_cold_start_sessionCs87BzzW6bcZ0_17integration_tests
FNDA:4,_RNvMs4_NtCs20hiC2j2Dsb_12dualcache_ff5cacheINtB5_11DualCacheFFNtNtCs8dnTdrJsiec_5alloc6string6StringBY_E3getCs87BzzW6bcZ0_17integration_tests
FNDA:7,_RNvMs4_NtCs20hiC2j2Dsb_12dualcache_ff5cacheINtB5_11DualCacheFFNtNtCs8dnTdrJsiec_5alloc6string6StringBY_E4hashCs87BzzW6bcZ0_17integration_tests
FNDA:1,_RNvMs4_NtCs20hiC2j2Dsb_12dualcache_ff5cacheINtB5_11DualCacheFFNtNtCs8dnTdrJsiec_5alloc6string6StringBY_E4syncCs87BzzW6bcZ0_17integration_tests
FNDA:1,_RNvMs4_NtCs20hiC2j2Dsb_12dualcache_ff5cacheINtB5_11DualCacheFFNtNtCs8dnTdrJsiec_5alloc6string6StringBY_E5clearCs87BzzW6bcZ0_17integration_tests
FNDA:2,_RNvMs4_NtCs20hiC2j2Dsb_12dualcache_ff5cacheINtB5_11DualCacheFFNtNtCs8dnTdrJsiec_5alloc6string6StringBY_E6insertCs87BzzW6bcZ0_17integration_tests
FNDA:1,_RNvMs4_NtCs20hiC2j2Dsb_12dualcache_ff5cacheINtB5_11DualCacheFFNtNtCs8dnTdrJsiec_5alloc6string6StringBY_E6resumeCs87BzzW6bcZ0_17integration_tests
FNDA:1,_RNvMs4_NtCs20hiC2j2Dsb_12dualcache_ff5cacheINtB5_11DualCacheFFNtNtCs8dnTdrJsiec_5alloc6string6StringBY_E7suspendCs87BzzW6bcZ0_17integration_tests
FNDA:2,_RNvMs4_NtCs20hiC2j2Dsb_12dualcache_ff5cacheINtB5_11DualCacheFFhtE10record_hitCs87BzzW6bcZ0_17integration_tests
FNDA:2,_RNvMs4_NtCs20hiC2j2Dsb_12dualcache_ff5cacheINtB5_11DualCacheFFhtE24begin_cold_start_sessionCs87BzzW6bcZ0_17integration_tests
FNDA:4,_RNvMs4_NtCs20hiC2j2Dsb_12dualcache_ff5cacheINtB5_11DualCacheFFhtE3getCs87BzzW6bcZ0_17integration_tests
FNDA:11,_RNvMs4_NtCs20hiC2j2Dsb_12dualcache_ff5cacheINtB5_11DualCacheFFhtE4hashCs87BzzW6bcZ0_17integration_tests
FNDA:10,_RNvMs4_NtCs20hiC2j2Dsb_12dualcache_ff5cacheINtB5_11DualCacheFFhtE4syncCs87BzzW6bcZ0_17integration_tests
FNDA:2,_RNvMs4_NtCs20hiC2j2Dsb_12dualcache_ff5cacheINtB5_11DualCacheFFhtE5clearCs87BzzW6bcZ0_17integration_tests
FNDA:5,_RNvMs4_NtCs20hiC2j2Dsb_12dualcache_ff5cacheINtB5_11DualCacheFFhtE6removeCs87BzzW6bcZ0_17integration_tests
FNDA:8649,_RNvMs4_NtCs20hiC2j2Dsb_12dualcache_ff5cacheINtB5_11DualCacheFFlINtNtCs8dnTdrJsiec_5alloc3vec3VechEE10record_hitCs87BzzW6bcZ0_17integration_tests
FNDA:10001,_RNvMs4_NtCs20hiC2j2Dsb_12dualcache_ff5cacheINtB5_11DualCacheFFlINtNtCs8dnTdrJsiec_5alloc3vec3VechEE3getCs87BzzW6bcZ0_17integration_tests
FNDA:12002,_RNvMs4_NtCs20hiC2j2Dsb_12dualcache_ff5cacheINtB5_11DualCacheFFlINtNtCs8dnTdrJsiec_5alloc3vec3VechEE4hashCs87BzzW6bcZ0_17integration_tests
FNDA:1,_RNvMs4_NtCs20hiC2j2Dsb_12dualcache_ff5cacheINtB5_11DualCacheFFlINtNtCs8dnTdrJsiec_5alloc3vec3VechEE4syncCs87BzzW6bcZ0_17integration_tests
FNDA:2001,_RNvMs4_NtCs20hiC2j2Dsb_12dualcache_ff5cacheINtB5_11DualCacheFFlINtNtCs8dnTdrJsiec_5alloc3vec3VechEE6insertCs87BzzW6bcZ0_17integration_tests
FNDA:11,_RNvMs4_NtCs20hiC2j2Dsb_12dualcache_ff5cacheINtB5_11DualCacheFFlNtNtCs8dnTdrJsiec_5alloc6string6StringE10record_hitCs87BzzW6bcZ0_17integration_tests
FNDA:2002,_RNvMs4_NtCs20hiC2j2Dsb_12dualcache_ff5cacheINtB5_11DualCacheFFlNtNtCs8dnTdrJsiec_5alloc6string6StringE3getCs87BzzW6bcZ0_17integration_tests
FNDA:2402067,_RNvMs4_NtCs20hiC2j2Dsb_12dualcache_ff5cacheINtB5_11DualCacheFFlNtNtCs8dnTdrJsiec_5alloc6string6StringE4hashCs87BzzW6bcZ0_17integration_tests
FNDA:2,_RNvMs4_NtCs20hiC2j2Dsb_12dualcache_ff5cacheINtB5_11DualCacheFFlNtNtCs8dnTdrJsiec_5alloc6string6StringE4syncCs87BzzW6bcZ0_17integration_tests
FNDA:2400064,_RNvMs4_NtCs20hiC2j2Dsb_12dualcache_ff5cacheINtB5_11DualCacheFFlNtNtCs8dnTdrJsiec_5alloc6string6StringE6insertCs87BzzW6bcZ0_17integration_tests
FNDA:1,_RNvMs4_NtCs20hiC2j2Dsb_12dualcache_ff5cacheINtB5_11DualCacheFFlNtNtCs8dnTdrJsiec_5alloc6string6StringE6removeCs87BzzW6bcZ0_17integration_tests
FNDA:8102,_RNvMs4_NtCs20hiC2j2Dsb_12dualcache_ff5cacheINtB5_11DualCacheFFllE10record_hitCs87BzzW6bcZ0_17integration_tests
FNDA:212,_RNvMs4_NtCs20hiC2j2Dsb_12dualcache_ff5cacheINtB5_11DualCacheFFllE24begin_cold_start_sessionCs87BzzW6bcZ0_17integration_tests
FNDA:9079,_RNvMs4_NtCs20hiC2j2Dsb_12dualcache_ff5cacheINtB5_11DualCacheFFllE3getCs87BzzW6bcZ0_17integration_tests
FNDA:131465,_RNvMs4_NtCs20hiC2j2Dsb_12dualcache_ff5cacheINtB5_11DualCacheFFllE4hashCs87BzzW6bcZ0_17integration_tests
FNDA:10,_RNvMs4_NtCs20hiC2j2Dsb_12dualcache_ff5cacheINtB5_11DualCacheFFllE4syncCs87BzzW6bcZ0_17integration_tests
FNDA:121168,_RNvMs4_NtCs20hiC2j2Dsb_12dualcache_ff5cacheINtB5_11DualCacheFFllE6insertCs87BzzW6bcZ0_17integration_tests
FNDA:1004,_RNvMs4_NtCs20hiC2j2Dsb_12dualcache_ff5cacheINtB5_11DualCacheFFllE6removeCs87BzzW6bcZ0_17integration_tests
FNDA:67,_RNvMs4_NtCs20hiC2j2Dsb_12dualcache_ff5cacheINtB5_11DualCacheFFyyE10record_hitCs87BzzW6bcZ0_17integration_tests
FNDA:8568,_RNvMs4_NtCs20hiC2j2Dsb_12dualcache_ff5cacheINtB5_11DualCacheFFyyE3getCs87BzzW6bcZ0_17integration_tests
FNDA:11977,_RNvMs4_NtCs20hiC2j2Dsb_12dualcache_ff5cacheINtB5_11DualCacheFFyyE4hashCs87BzzW6bcZ0_17integration_tests
FNDA:7,_RNvMs4_NtCs20hiC2j2Dsb_12dualcache_ff5cacheINtB5_11DualCacheFFyyE4syncCs87BzzW6bcZ0_17integration_tests
FNDA:3408,_RNvMs4_NtCs20hiC2j2Dsb_12dualcache_ff5cacheINtB5_11DualCacheFFyyE6insertCs87BzzW6bcZ0_17integration_tests
FNDA:1,_RNvMs4_NtCs20hiC2j2Dsb_12dualcache_ff5cacheINtB5_11DualCacheFFyyE6removeCs87BzzW6bcZ0_17integration_tests
FNDA:1,_RNvMs4_NtCs20hiC2j2Dsb_12dualcache_ff5cacheINtB5_11DualCacheFFyyE6resumeCs87BzzW6bcZ0_17integration_tests
FNDA:1,_RNvMs4_NtCs20hiC2j2Dsb_12dualcache_ff5cacheINtB5_11DualCacheFFyyE7suspendCs87BzzW6bcZ0_17integration_tests
FNDA:1,_RNvMs6_NtCs20hiC2j2Dsb_12dualcache_ff5cacheINtB5_16ColdStartSessionNtNtCs8dnTdrJsiec_5alloc6string6StringB13_NtNtCsU6ZQlEFAYg_5ahash12random_state11RandomStateE9insert_t1Cs87BzzW6bcZ0_17integration_tests
FNDA:2,_RNvMs6_NtCs20hiC2j2Dsb_12dualcache_ff5cacheINtB5_16ColdStartSessionhtNtNtCsU6ZQlEFAYg_5ahash12random_state11RandomStateE9insert_t1Cs87BzzW6bcZ0_17integration_tests
FNDA:214,_RNvMs6_NtCs20hiC2j2Dsb_12dualcache_ff5cacheINtB5_16ColdStartSessionllNtNtCsU6ZQlEFAYg_5ahash12random_state11RandomStateE9insert_t1Cs87BzzW6bcZ0_17integration_tests
FNDA:1,_RNvMs_NtCs20hiC2j2Dsb_12dualcache_ff5cacheINtB4_11DualCacheFFNtNtCs8dnTdrJsiec_5alloc6string6StringBX_E3newCs87BzzW6bcZ0_17integration_tests
FNDA:10,_RNvMs_NtCs20hiC2j2Dsb_12dualcache_ff5cacheINtB4_11DualCacheFFhtE3newCs87BzzW6bcZ0_17integration_tests
FNDA:2,_RNvMs_NtCs20hiC2j2Dsb_12dualcache_ff5cacheINtB4_11DualCacheFFlINtNtCs8dnTdrJsiec_5alloc3vec3VechEE3newCs87BzzW6bcZ0_17integration_tests
FNDA:1,_RNvMs_NtCs20hiC2j2Dsb_12dualcache_ff5cacheINtB4_11DualCacheFFlNtNtCs8dnTdrJsiec_5alloc6string6StringE3newCs87BzzW6bcZ0_17integration_tests
[...]
FN:90,_RNvMs4_NtCsgIGa67KToV_12dualcache_ff7workersINtB5_10WorkerSlotNtNtCs8dnTdrJsiec_5alloc6string6StringBY_E3newB7_
FN:25,_RNvMs_NtCsgIGa67KToV_12dualcache_ff7workersINtB4_8BatchBufNtNtCs8dnTdrJsiec_5alloc6string6StringBU_E3newB6_
FN:84,_RNvXs3_NtCsgIGa67KToV_12dualcache_ff7workersINtB5_10WorkerSlotNtNtCs8dnTdrJsiec_5alloc6string6StringBY_ENtNtCs6sq8b9ugfBC_4core7default7Default7defaultB7_
FN:104,_RNCNvMs4_NtCsgIGa67KToV_12dualcache_ff7workersINtB7_10WorkerSlotppE17get_mut_unchecked0B9_
FN:111,_RNvMs4_NtCsgIGa67KToV_12dualcache_ff7workersINtB5_10WorkerSlotppE12get_mut_safeB7_
FN:103,_RNvMs4_NtCsgIGa67KToV_12dualcache_ff7workersINtB5_10WorkerSlotppE17get_mut_uncheckedB7_
FN:49,_RNvMs_NtCsgIGa67KToV_12dualcache_ff7workersINtB4_8BatchBufppE12drain_to_vecB6_
FN:40,_RNvMs_NtCsgIGa67KToV_12dualcache_ff7workersINtB4_8BatchBufppE3lenB6_
FN:34,_RNvMs_NtCsgIGa67KToV_12dualcache_ff7workersINtB4_8BatchBufppE4pushB6_
FN:44,_RNvMs_NtCsgIGa67KToV_12dualcache_ff7workersINtB4_8BatchBufppE8is_emptyB6_
FN:19,_RNvXININtCsgIGa67KToV_12dualcache_ff7workers0ppEINtB5_8BatchBufppENtNtCs6sq8b9ugfBC_4core7default7Default7defaultB7_
FN:60,_RNvXs0_NtCs20hiC2j2Dsb_12dualcache_ff7workersINtB5_8BatchBufNtNtCs8dnTdrJsiec_5alloc6string6StringBW_ENtNtNtCs6sq8b9ugfBC_4core3ops4drop4Drop4dropCs87BzzW6bcZ0_17integration_tests
FN:60,_RNvXs0_NtCs20hiC2j2Dsb_12dualcache_ff7workersINtB5_8BatchBufNtNtCs8dnTdrJsiec_5alloc6string6StringINtNtB10_3vec3VechEENtNtNtCs6sq8b9ugfBC_4core3ops4drop4Drop4dropCs87BzzW6bcZ0_17integration_tests
FN:60,_RNvXs0_NtCs20hiC2j2Dsb_12dualcache_ff7workersINtB5_8BatchBufhtENtNtNtCs6sq8b9ugfBC_4core3ops4drop4Drop4dropCs87BzzW6bcZ0_17integration_tests
FN:60,_RNvXs0_NtCs20hiC2j2Dsb_12dualcache_ff7workersINtB5_8BatchBuflINtNtCs8dnTdrJsiec_5alloc3vec3VechEENtNtNtCs6sq8b9ugfBC_4core3ops4drop4Drop4dropCs87BzzW6bcZ0_17integration_tests
FN:60,_RNvXs0_NtCs20hiC2j2Dsb_12dualcache_ff7workersINtB5_8BatchBuflNtNtCs8dnTdrJsiec_5alloc6string6StringENtNtNtCs6sq8b9ugfBC_4core3ops4drop4Drop4dropCs87BzzW6bcZ0_17integration_tests
FN:60,_RNvXs0_NtCs20hiC2j2Dsb_12dualcache_ff7workersINtB5_8BatchBufllENtNtNtCs6sq8b9ugfBC_4core3ops4drop4Drop4dropCs87BzzW6bcZ0_17integration_tests
FN:60,_RNvXs0_NtCs20hiC2j2Dsb_12dualcache_ff7workersINtB5_8BatchBufyyENtNtNtCs6sq8b9ugfBC_4core3ops4drop4Drop4dropCs87BzzW6bcZ0_17integration_tests
FN:111,_RNvMs4_NtCs20hiC2j2Dsb_12dualcache_ff7workersINtB5_10WorkerSlotNtNtCs8dnTdrJsiec_5alloc6string6StringBZ_E12get_mut_safeCs87BzzW6bcZ0_17integration_tests
FN:103,_RNvMs4_NtCs20hiC2j2Dsb_12dualcache_ff7workersINtB5_10WorkerSlotNtNtCs8dnTdrJsiec_5alloc6string6StringBZ_E17get_mut_uncheckedCs87BzzW6bcZ0_17integration_tests
FN:111,_RNvMs4_NtCs20hiC2j2Dsb_12dualcache_ff7workersINtB5_10WorkerSlothtE12get_mut_safeCs87BzzW6bcZ0_17integration_tests
FN:103,_RNvMs4_NtCs20hiC2j2Dsb_12dualcache_ff7workersINtB5_10WorkerSlothtE17get_mut_uncheckedCs87BzzW6bcZ0_17integration_tests
FN:111,_RNvMs4_NtCs20hiC2j2Dsb_12dualcache_ff7workersINtB5_10WorkerSlotlINtNtCs8dnTdrJsiec_5alloc3vec3VechEE12get_mut_safeCs87BzzW6bcZ0_17integration_tests
FN:103,_RNvMs4_NtCs20hiC2j2Dsb_12dualcache_ff7workersINtB5_10WorkerSlotlINtNtCs8dnTdrJsiec_5alloc3vec3VechEE17get_mut_uncheckedCs87BzzW6bcZ0_17integration_tests
FN:111,_RNvMs4_NtCs20hiC2j2Dsb_12dualcache_ff7workersINtB5_10WorkerSlotlNtNtCs8dnTdrJsiec_5alloc6string6StringE12get_mut_safeCs87BzzW6bcZ0_17integration_tests
FN:103,_RNvMs4_NtCs20hiC2j2Dsb_12dualcache_ff7workersINtB5_10WorkerSlotlNtNtCs8dnTdrJsiec_5alloc6string6StringE17get_mut_uncheckedCs87BzzW6bcZ0_17integration_tests
FN:111,_RNvMs4_NtCs20hiC2j2Dsb_12dualcache_ff7workersINtB5_10WorkerSlotllE12get_mut_safeCs87BzzW6bcZ0_17integration_tests
FN:103,_RNvMs4_NtCs20hiC2j2Dsb_12dualcache_ff7workersINtB5_10WorkerSlotllE17get_mut_uncheckedCs87BzzW6bcZ0_17integration_tests
FN:111,_RNvMs4_NtCs20hiC2j2Dsb_12dualcache_ff7workersINtB5_10WorkerSlotyyE12get_mut_safeCs87BzzW6bcZ0_17integration_tests
FN:103,_RNvMs4_NtCs20hiC2j2Dsb_12dualcache_ff7workersINtB5_10WorkerSlotyyE17get_mut_uncheckedCs87BzzW6bcZ0_17integration_tests
FN:34,_RNvMs_NtCs20hiC2j2Dsb_12dualcache_ff7workersINtB4_8BatchBufNtNtCs8dnTdrJsiec_5alloc6string6StringBV_E4pushCs87BzzW6bcZ0_17integration_tests
FN:34,_RNvMs_NtCs20hiC2j2Dsb_12dualcache_ff7workersINtB4_8BatchBuflINtNtCs8dnTdrJsiec_5alloc3vec3VechEE4pushCs87BzzW6bcZ0_17integration_tests
FN:34,_RNvMs_NtCs20hiC2j2Dsb_12dualcache_ff7workersINtB4_8BatchBuflNtNtCs8dnTdrJsiec_5alloc6string6StringE4pushCs87BzzW6bcZ0_17integration_tests
FN:34,_RNvMs_NtCs20hiC2j2Dsb_12dualcache_ff7workersINtB4_8BatchBufllE4pushCs87BzzW6bcZ0_17integration_tests
FN:34,_RNvMs_NtCs20hiC2j2Dsb_12dualcache_ff7workersINtB4_8BatchBufyyE4pushCs87BzzW6bcZ0_17integration_tests
FN:104,_RNCNvMs4_NtCs20hiC2j2Dsb_12dualcache_ff7workersINtB7_10WorkerSlotNtNtCs8dnTdrJsiec_5alloc6string6StringB11_E17get_mut_unchecked0Cs87BzzW6bcZ0_17integration_tests
FN:104,_RNCNvMs4_NtCs20hiC2j2Dsb_12dualcache_ff7workersINtB7_10WorkerSlothtE17get_mut_unchecked0Cs87BzzW6bcZ0_17integration_tests
FN:104,_RNCNvMs4_NtCs20hiC2j2Dsb_12dualcache_ff7workersINtB7_10WorkerSlotlINtNtCs8dnTdrJsiec_5alloc3vec3VechEE17get_mut_unchecked0Cs87BzzW6bcZ0_17integration_tests
FN:104,_RNCNvMs4_NtCs20hiC2j2Dsb_12dualcache_ff7workersINtB7_10WorkerSlotlNtNtCs8dnTdrJsiec_5alloc6string6StringE17get_mut_unchecked0Cs87BzzW6bcZ0_17integration_tests
FN:104,_RNCNvMs4_NtCs20hiC2j2Dsb_12dualcache_ff7workersINtB7_10WorkerSlotllE17get_mut_unchecked0Cs87BzzW6bcZ0_17integration_tests
FN:104,_RNCNvMs4_NtCs20hiC2j2Dsb_12dualcache_ff7workersINtB7_10WorkerSlotyyE17get_mut_unchecked0Cs87BzzW6bcZ0_17integration_tests
FN:90,_RNvMs4_NtCs20hiC2j2Dsb_12dualcache_ff7workersINtB5_10WorkerSlotNtNtCs8dnTdrJsiec_5alloc6string6StringBZ_E3newCs87BzzW6bcZ0_17integration_tests
FN:90,_RNvMs4_NtCs20hiC2j2Dsb_12dualcache_ff7workersINtB5_10WorkerSlotNtNtCs8dnTdrJsiec_5alloc6string6StringINtNtB13_3vec3VechEE3newCs87BzzW6bcZ0_17integration_tests
FN:90,_RNvMs4_NtCs20hiC2j2Dsb_12dualcache_ff7workersINtB5_10WorkerSlothtE3newCs87BzzW6bcZ0_17integration_tests
FN:90,_RNvMs4_NtCs20hiC2j2Dsb_12dualcache_ff7workersINtB5_10WorkerSlotlINtNtCs8dnTdrJsiec_5alloc3vec3VechEE3newCs87BzzW6bcZ0_17integration_tests
FN:90,_RNvMs4_NtCs20hiC2j2Dsb_12dualcache_ff7workersINtB5_10WorkerSlotlNtNtCs8dnTdrJsiec_5alloc6string6StringE3newCs87BzzW6bcZ0_17integration_tests
FN:90,_RNvMs4_NtCs20hiC2j2Dsb_12dualcache_ff7workersINtB5_10WorkerSlotllE3newCs87BzzW6bcZ0_17integration_tests
FN:90,_RNvMs4_NtCs20hiC2j2Dsb_12dualcache_ff7workersINtB5_10WorkerSlotyyE3newCs87BzzW6bcZ0_17integration_tests
FN:49,_RNvMs_NtCs20hiC2j2Dsb_12dualcache_ff7workersINtB4_8BatchBufNtNtCs8dnTdrJsiec_5alloc6string6StringBV_E12drain_to_vecCs87BzzW6bcZ0_17integration_tests
FN:25,_RNvMs_NtCs20hiC2j2Dsb_12dualcache_ff7workersINtB4_8BatchBufNtNtCs8dnTdrJsiec_5alloc6string6StringBV_E3newCs87BzzW6bcZ0_17integration_tests
FN:44,_RNvMs_NtCs20hiC2j2Dsb_12dualcache_ff7workersINtB4_8BatchBufNtNtCs8dnTdrJsiec_5alloc6string6StringBV_E8is_emptyCs87BzzW6bcZ0_17integration_tests
FN:25,_RNvMs_NtCs20hiC2j2Dsb_12dualcache_ff7workersINtB4_8BatchBufNtNtCs8dnTdrJsiec_5alloc6string6StringINtNtBZ_3vec3VechEE3newCs87BzzW6bcZ0_17integration_tests
FN:49,_RNvMs_NtCs20hiC2j2Dsb_12dualcache_ff7workersINtB4_8BatchBufhtE12drain_to_vecCs87BzzW6bcZ0_17integration_tests
FN:25,_RNvMs_NtCs20hiC2j2Dsb_12dualcache_ff7workersINtB4_8BatchBufhtE3newCs87BzzW6bcZ0_17integration_tests
FN:44,_RNvMs_NtCs20hiC2j2Dsb_12dualcache_ff7workersINtB4_8BatchBufhtE8is_emptyCs87BzzW6bcZ0_17integration_tests
FN:49,_RNvMs_NtCs20hiC2j2Dsb_12dualcache_ff7workersINtB4_8BatchBuflINtNtCs8dnTdrJsiec_5alloc3vec3VechEE12drain_to_vecCs87BzzW6bcZ0_17integration_tests
FN:25,_RNvMs_NtCs20hiC2j2Dsb_12dualcache_ff7workersINtB4_8BatchBuflINtNtCs8dnTdrJsiec_5alloc3vec3VechEE3newCs87BzzW6bcZ0_17integration_tests
FN:44,_RNvMs_NtCs20hiC2j2Dsb_12dualcache_ff7workersINtB4_8BatchBuflINtNtCs8dnTdrJsiec_5alloc3vec3VechEE8is_emptyCs87BzzW6bcZ0_17integration_tests
FN:49,_RNvMs_NtCs20hiC2j2Dsb_12dualcache_ff7workersINtB4_8BatchBuflNtNtCs8dnTdrJsiec_5alloc6string6StringE12drain_to_vecCs87BzzW6bcZ0_17integration_tests
FN:25,_RNvMs_NtCs20hiC2j2Dsb_12dualcache_ff7workersINtB4_8BatchBuflNtNtCs8dnTdrJsiec_5alloc6string6StringE3newCs87BzzW6bcZ0_17integration_tests
FN:44,_RNvMs_NtCs20hiC2j2Dsb_12dualcache_ff7workersINtB4_8BatchBuflNtNtCs8dnTdrJsiec_5alloc6string6StringE8is_emptyCs87BzzW6bcZ0_17integration_tests
FN:49,_RNvMs_NtCs20hiC2j2Dsb_12dualcache_ff7workersINtB4_8BatchBufllE12drain_to_vecCs87BzzW6bcZ0_17integration_tests
FN:25,_RNvMs_NtCs20hiC2j2Dsb_12dualcache_ff7workersINtB4_8BatchBufllE3newCs87BzzW6bcZ0_17integration_tests
FN:44,_RNvMs_NtCs20hiC2j2Dsb_12dualcache_ff7workersINtB4_8BatchBufllE8is_emptyCs87BzzW6bcZ0_17integration_tests
FN:49,_RNvMs_NtCs20hiC2j2Dsb_12dualcache_ff7workersINtB4_8BatchBufyyE12drain_to_vecCs87BzzW6bcZ0_17integration_tests
FN:40,_RNvMs_NtCs20hiC2j2Dsb_12dualcache_ff7workersINtB4_8BatchBufyyE3lenCs87BzzW6bcZ0_17integration_tests
FN:25,_RNvMs_NtCs20hiC2j2Dsb_12dualcache_ff7workersINtB4_8BatchBufyyE3newCs87BzzW6bcZ0_17integration_tests
FN:44,_RNvMs_NtCs20hiC2j2Dsb_12dualcache_ff7workersINtB4_8BatchBufyyE8is_emptyCs87BzzW6bcZ0_17integration_tests
FN:19,_RNvXNtCs20hiC2j2Dsb_12dualcache_ff7workersINtB2_8BatchBufyyENtNtCs6sq8b9ugfBC_4core7default7Default7defaultCs87BzzW6bcZ0_17integration_tests
FN:84,_RNvXs3_NtCs20hiC2j2Dsb_12dualcache_ff7workersINtB5_10WorkerSlotNtNtCs8dnTdrJsiec_5alloc6string6StringBZ_ENtNtCs6sq8b9ugfBC_4core7default7Default7defaultCs87BzzW6bcZ0_17integration_tests
FNDA:1,_RNvNtNtCsgIGa67KToV_12dualcache_ff7workers5testss_24test_worker_slot_default
FNDA:1,_RNvXs0_NtCsgIGa67KToV_12dualcache_ff7workersINtB5_8BatchBufNtNtCs8dnTdrJsiec_5alloc6string6StringBV_ENtNtNtCs6sq8b9ugfBC_4core3ops4drop4Drop4dropB7_
FNDA:1,_RNvMs4_NtCsgIGa67KToV_12dualcache_ff7workersINtB5_10WorkerSlotNtNtCs8dnTdrJsiec_5alloc6string6StringBY_E3newB7_
FNDA:1,_RNvMs_NtCsgIGa67KToV_12dualcache_ff7workersINtB4_8BatchBufNtNtCs8dnTdrJsiec_5alloc6string6StringBU_E3newB6_
FNDA:1,_RNvXs3_NtCsgIGa67KToV_12dualcache_ff7workersINtB5_10WorkerSlotNtNtCs8dnTdrJsiec_5alloc6string6StringBY_ENtNtCs6sq8b9ugfBC_4core7default7Default7defaultB7_
FNDA:0,_RNCNvMs4_NtCsgIGa67KToV_12dualcache_ff7workersINtB7_10WorkerSlotppE17get_mut_unchecked0B9_
FNDA:0,_RNvMs4_NtCsgIGa67KToV_12dualcache_ff7workersINtB5_10WorkerSlotppE12get_mut_safeB7_
FNDA:0,_RNvMs4_NtCsgIGa67KToV_12dualcache_ff7workersINtB5_10WorkerSlotppE17get_mut_uncheckedB7_
FNDA:0,_RNvMs_NtCsgIGa67KToV_12dualcache_ff7workersINtB4_8BatchBufppE12drain_to_vecB6_
FNDA:0,_RNvMs_NtCsgIGa67KToV_12dualcache_ff7workersINtB4_8BatchBufppE3lenB6_
FNDA:0,_RNvMs_NtCsgIGa67KToV_12dualcache_ff7workersINtB4_8BatchBufppE4pushB6_
FNDA:0,_RNvMs_NtCsgIGa67KToV_12dualcache_ff7workersINtB4_8BatchBufppE8is_emptyB6_
FNDA:0,_RNvXININtCsgIGa67KToV_12dualcache_ff7workers0ppEINtB5_8BatchBufppENtNtCs6sq8b9ugfBC_4core7default7Default7defaultB7_
FNDA:9,_RNvXs0_NtCs20hiC2j2Dsb_12dualcache_ff7workersINtB5_8BatchBufNtNtCs8dnTdrJsiec_5alloc6string6StringBW_ENtNtNtCs6sq8b9ugfBC_4core3ops4drop4Drop4dropCs87BzzW6bcZ0_17integration_tests
FNDA:1,_RNvXs0_NtCs20hiC2j2Dsb_12dualcache_ff7workersINtB5_8BatchBufNtNtCs8dnTdrJsiec_5alloc6string6StringINtNtB10_3vec3VechEENtNtNtCs6sq8b9ugfBC_4core3ops4drop4Drop4dropCs87BzzW6bcZ0_17integration_tests
FNDA:1280,_RNvXs0_NtCs20hiC2j2Dsb_12dualcache_ff7workersINtB5_8BatchBufhtENtNtNtCs6sq8b9ugfBC_4core3ops4drop4Drop4dropCs87BzzW6bcZ0_17integration_tests
FNDA:384,_RNvXs0_NtCs20hiC2j2Dsb_12dualcache_ff7workersINtB5_8BatchBuflINtNtCs8dnTdrJsiec_5alloc3vec3VechEENtNtNtCs6sq8b9ugfBC_4core3ops4drop4Drop4dropCs87BzzW6bcZ0_17integration_tests
FNDA:256,_RNvXs0_NtCs20hiC2j2Dsb_12dualcache_ff7workersINtB5_8BatchBuflNtNtCs8dnTdrJsiec_5alloc6string6StringENtNtNtCs6sq8b9ugfBC_4core3ops4drop4Drop4dropCs87BzzW6bcZ0_17integration_tests
FNDA:2048,_RNvXs0_NtCs20hiC2j2Dsb_12dualcache_ff7workersINtB5_8BatchBufllENtNtNtCs6sq8b9ugfBC_4core3ops4drop4Drop4dropCs87BzzW6bcZ0_17integration_tests
FNDA:164,_RNvXs0_NtCs20hiC2j2Dsb_12dualcache_ff7workersINtB5_8BatchBufyyENtNtNtCs6sq8b9ugfBC_4core3ops4drop4Drop4dropCs87BzzW6bcZ0_17integration_tests
FNDA:9,_RNvMs4_NtCs20hiC2j2Dsb_12dualcache_ff7workersINtB5_10WorkerSlotNtNtCs8dnTdrJsiec_5alloc6string6StringBZ_E12get_mut_safeCs87BzzW6bcZ0_17integration_tests
FNDA:9,_RNvMs4_NtCs20hiC2j2Dsb_12dualcache_ff7workersINtB5_10WorkerSlotNtNtCs8dnTdrJsiec_5alloc6string6StringBZ_E17get_mut_uncheckedCs87BzzW6bcZ0_17integration_tests
FNDA:1285,_RNvMs4_NtCs20hiC2j2Dsb_12dualcache_ff7workersINtB5_10WorkerSlothtE12get_mut_safeCs87BzzW6bcZ0_17integration_tests
FNDA:1285,_RNvMs4_NtCs20hiC2j2Dsb_12dualcache_ff7workersINtB5_10WorkerSlothtE17get_mut_uncheckedCs87BzzW6bcZ0_17integration_tests
FNDA:2129,_RNvMs4_NtCs20hiC2j2Dsb_12dualcache_ff7workersINtB5_10WorkerSlotlINtNtCs8dnTdrJsiec_5alloc3vec3VechEE12get_mut_safeCs87BzzW6bcZ0_17integration_tests
FNDA:2129,_RNvMs4_NtCs20hiC2j2Dsb_12dualcache_ff7workersINtB5_10WorkerSlotlINtNtCs8dnTdrJsiec_5alloc3vec3VechEE17get_mut_uncheckedCs87BzzW6bcZ0_17integration_tests
FNDA:2357317,_RNvMs4_NtCs20hiC2j2Dsb_12dualcache_ff7workersINtB5_10WorkerSlotlNtNtCs8dnTdrJsiec_5alloc6string6StringE12get_mut_safeCs87BzzW6bcZ0_17integration_tests
FNDA:2357317,_RNvMs4_NtCs20hiC2j2Dsb_12dualcache_ff7workersINtB5_10WorkerSlotlNtNtCs8dnTdrJsiec_5alloc6string6StringE17get_mut_uncheckedCs87BzzW6bcZ0_17integration_tests
FNDA:124054,_RNvMs4_NtCs20hiC2j2Dsb_12dualcache_ff7workersINtB5_10WorkerSlotllE12get_mut_safeCs87BzzW6bcZ0_17integration_tests
FNDA:124054,_RNvMs4_NtCs20hiC2j2Dsb_12dualcache_ff7workersINtB5_10WorkerSlotllE17get_mut_uncheckedCs87BzzW6bcZ0_17integration_tests
FNDA:1960,_RNvMs4_NtCs20hiC2j2Dsb_12dualcache_ff7workersINtB5_10WorkerSlotyyE12get_mut_safeCs87BzzW6bcZ0_17integration_tests
FNDA:1960,_RNvMs4_NtCs20hiC2j2Dsb_12dualcache_ff7workersINtB5_10WorkerSlotyyE17get_mut_uncheckedCs87BzzW6bcZ0_17integration_tests
FNDA:1,_RNvMs_NtCs20hiC2j2Dsb_12dualcache_ff7workersINtB4_8BatchBufNtNtCs8dnTdrJsiec_5alloc6string6StringBV_E4pushCs87BzzW6bcZ0_17integration_tests
FNDA:2001,_RNvMs_NtCs20hiC2j2Dsb_12dualcache_ff7workersINtB4_8BatchBuflINtNtCs8dnTdrJsiec_5alloc3vec3VechEE4pushCs87BzzW6bcZ0_17integration_tests
FNDA:2357060,_RNvMs_NtCs20hiC2j2Dsb_12dualcache_ff7workersINtB4_8BatchBuflNtNtCs8dnTdrJsiec_5alloc6string6StringE4pushCs87BzzW6bcZ0_17integration_tests
FNDA:120874,_RNvMs_NtCs20hiC2j2Dsb_12dualcache_ff7workersINtB4_8BatchBufllE4pushCs87BzzW6bcZ0_17integration_tests
FNDA:1847,_RNvMs_NtCs20hiC2j2Dsb_12dualcache_ff7workersINtB4_8BatchBufyyE4pushCs87BzzW6bcZ0_17integration_tests
FNDA:9,_RNCNvMs4_NtCs20hiC2j2Dsb_12dualcache_ff7workersINtB7_10WorkerSlotNtNtCs8dnTdrJsiec_5alloc6string6StringB11_E17get_mut_unchecked0Cs87BzzW6bcZ0_17integration_tests
FNDA:1285,_RNCNvMs4_NtCs20hiC2j2Dsb_12dualcache_ff7workersINtB7_10WorkerSlothtE17get_mut_unchecked0Cs87BzzW6bcZ0_17integration_tests
FNDA:2129,_RNCNvMs4_NtCs20hiC2j2Dsb_12dualcache_ff7workersINtB7_10WorkerSlotlINtNtCs8dnTdrJsiec_5alloc3vec3VechEE17get_mut_unchecked0Cs87BzzW6bcZ0_17integration_tests
FNDA:2357317,_RNCNvMs4_NtCs20hiC2j2Dsb_12dualcache_ff7workersINtB7_10WorkerSlotlNtNtCs8dnTdrJsiec_5alloc6string6StringE17get_mut_unchecked0Cs87BzzW6bcZ0_17integration_tests
FNDA:124054,_RNCNvMs4_NtCs20hiC2j2Dsb_12dualcache_ff7workersINtB7_10WorkerSlotllE17get_mut_unchecked0Cs87BzzW6bcZ0_17integration_tests
FNDA:1960,_RNCNvMs4_NtCs20hiC2j2Dsb_12dualcache_ff7workersINtB7_10WorkerSlotyyE17get_mut_unchecked0Cs87BzzW6bcZ0_17integration_tests
FNDA:9,_RNvMs4_NtCs20hiC2j2Dsb_12dualcache_ff7workersINtB5_10WorkerSlotNtNtCs8dnTdrJsiec_5alloc6string6StringBZ_E3newCs87BzzW6bcZ0_17integration_tests
FNDA:1,_RNvMs4_NtCs20hiC2j2Dsb_12dualcache_ff7workersINtB5_10WorkerSlotNtNtCs8dnTdrJsiec_5alloc6string6StringINtNtB13_3vec3VechEE3newCs87BzzW6bcZ0_17integration_tests
FNDA:1280,_RNvMs4_NtCs20hiC2j2Dsb_12dualcache_ff7workersINtB5_10WorkerSlothtE3newCs87BzzW6bcZ0_17integration_tests
FNDA:384,_RNvMs4_NtCs20hiC2j2Dsb_12dualcache_ff7workersINtB5_10WorkerSlotlINtNtCs8dnTdrJsiec_5alloc3vec3VechEE3newCs87BzzW6bcZ0_17integration_tests
FNDA:256,_RNvMs4_NtCs20hiC2j2Dsb_12dualcache_ff7workersINtB5_10WorkerSlotlNtNtCs8dnTdrJsiec_5alloc6string6StringE3newCs87BzzW6bcZ0_17integration_tests
FNDA:2048,_RNvMs4_NtCs20hiC2j2Dsb_12dualcache_ff7workersINtB5_10WorkerSlotllE3newCs87BzzW6bcZ0_17integration_tests
FNDA:162,_RNvMs4_NtCs20hiC2j2Dsb_12dualcache_ff7workersINtB5_10WorkerSlotyyE3newCs87BzzW6bcZ0_17integration_tests
FNDA:1,_RNvMs_NtCs20hiC2j2Dsb_12dualcache_ff7workersINtB4_8BatchBufNtNtCs8dnTdrJsiec_5alloc6string6StringBV_E12drain_to_vecCs87BzzW6bcZ0_17integration_tests
FNDA:9,_RNvMs_NtCs20hiC2j2Dsb_12dualcache_ff7workersINtB4_8BatchBufNtNtCs8dnTdrJsiec_5alloc6string6StringBV_E3newCs87BzzW6bcZ0_17integration_tests
FNDA:8,_RNvMs_NtCs20hiC2j2Dsb_12dualcache_ff7workersINtB4_8BatchBufNtNtCs8dnTdrJsiec_5alloc6string6StringBV_E8is_emptyCs87BzzW6bcZ0_17integration_tests
FNDA:1,_RNvMs_NtCs20hiC2j2Dsb_12dualcache_ff7workersINtB4_8BatchBufNtNtCs8dnTdrJsiec_5alloc6string6StringINtNtBZ_3vec3VechEE3newCs87BzzW6bcZ0_17integration_tests
FNDA:0,_RNvMs_NtCs20hiC2j2Dsb_12dualcache_ff7workersINtB4_8BatchBufhtE12drain_to_vecCs87BzzW6bcZ0_17integration_tests
FNDA:1280,_RNvMs_NtCs20hiC2j2Dsb_12dualcache_ff7workersINtB4_8BatchBufhtE3newCs87BzzW6bcZ0_17integration_tests
FNDA:1285,_RNvMs_NtCs20hiC2j2Dsb_12dualcache_ff7workersINtB4_8BatchBufhtE8is_emptyCs87BzzW6bcZ0_17integration_tests
FNDA:64,_RNvMs_NtCs20hiC2j2Dsb_12dualcache_ff7workersINtB4_8BatchBuflINtNtCs8dnTdrJsiec_5alloc3vec3VechEE12drain_to_vecCs87BzzW6bcZ0_17integration_tests
FNDA:384,_RNvMs_NtCs20hiC2j2Dsb_12dualcache_ff7workersINtB4_8BatchBuflINtNtCs8dnTdrJsiec_5alloc3vec3VechEE3newCs87BzzW6bcZ0_17integration_tests
FNDA:129,_RNvMs_NtCs20hiC2j2Dsb_12dualcache_ff7workersINtB4_8BatchBuflINtNtCs8dnTdrJsiec_5alloc3vec3VechEE8is_emptyCs87BzzW6bcZ0_17integration_tests
FNDA:73659,_RNvMs_NtCs20hiC2j2Dsb_12dualcache_ff7workersINtB4_8BatchBuflNtNtCs8dnTdrJsiec_5alloc6string6StringE12drain_to_vecCs87BzzW6bcZ0_17integration_tests
FNDA:256,_RNvMs_NtCs20hiC2j2Dsb_12dualcache_ff7workersINtB4_8BatchBuflNtNtCs8dnTdrJsiec_5alloc6string6StringE3newCs87BzzW6bcZ0_17integration_tests
FNDA:257,_RNvMs_NtCs20hiC2j2Dsb_12dualcache_ff7workersINtB4_8BatchBuflNtNtCs8dnTdrJsiec_5alloc6string6StringE8is_emptyCs87BzzW6bcZ0_17integration_tests
FNDA:4050,_RNvMs_NtCs20hiC2j2Dsb_12dualcache_ff7workersINtB4_8BatchBufllE12drain_to_vecCs87BzzW6bcZ0_17integration_tests
FNDA:2048,_RNvMs_NtCs20hiC2j2Dsb_12dualcache_ff7workersINtB4_8BatchBufllE3newCs87BzzW6bcZ0_17integration_tests
FNDA:3180,_RNvMs_NtCs20hiC2j2Dsb_12dualcache_ff7workersINtB4_8BatchBufllE8is_emptyCs87BzzW6bcZ0_17integration_tests
FNDA:65,_RNvMs_NtCs20hiC2j2Dsb_12dualcache_ff7workersINtB4_8BatchBufyyE12drain_to_vecCs87BzzW6bcZ0_17integration_tests
FNDA:2,_RNvMs_NtCs20hiC2j2Dsb_12dualcache_ff7workersINtB4_8BatchBufyyE3lenCs87BzzW6bcZ0_17integration_tests
FNDA:164,_RNvMs_NtCs20hiC2j2Dsb_12dualcache_ff7workersINtB4_8BatchBufyyE3newCs87BzzW6bcZ0_17integration_tests
FNDA:154,_RNvMs_NtCs20hiC2j2Dsb_12dualcache_ff7workersINtB4_8BatchBufyyE8is_emptyCs87BzzW6bcZ0_17integration_tests
FNDA:1,_RNvXNtCs20hiC2j2Dsb_12dualcache_ff7workersINtB2_8BatchBufyyENtNtCs6sq8b9ugfBC_4core7default7Default7defaultCs87BzzW6bcZ0_17integration_tests
FNDA:1,_RNvXs3_NtCs20hiC2j2Dsb_12dualcache_ff7workersINtB5_10WorkerSlotNtNtCs8dnTdrJsiec_5alloc6string6StringBZ_ENtNtCs6sq8b9ugfBC_4core7default7Default7defaultCs87BzzW6bcZ0_17integration_tests
FNF:13
FNH:13
DA:19,1
DA:20,1
DA:21,1
DA:25,4143
DA:30,4143
DA:34,2481783
DA:35,2481783
DA:36,2481783
DA:37,2481783
DA:38,2481783
DA:40,2
DA:41,2
DA:42,2
DA:44,5013
DA:45,5013
DA:46,5013
DA:49,77839
DA:50,77839
DA:51,2481765
DA:52,2481765
DA:53,2481765
DA:54,77839
DA:55,77839
DA:56,77839
DA:60,4143
DA:61,4143
DA:62,18
DA:63,18
DA:64,18
DA:66,4143
DA:84,2
DA:85,2
DA:86,2
DA:90,4141
DA:91,4141
DA:92,4141
DA:93,4141
DA:94,4141
DA:103,2486754
DA:104,2486754
DA:105,2486754
DA:111,2486754
DA:112,2486754
DA:113,2486754
DA:124,1
DA:125,1
DA:126,1
BRF:0
BRH:0
LF:48
LH:48
end_of_record